  [1m[35m (122.0ms)[0m  [1m[35mCREATE TABLE "schema_migrations" ("version" varchar NOT NULL PRIMARY KEY)[0m
  [1m[35m (140.2ms)[0m  [1m[35mCREATE TABLE "ar_internal_metadata" ("key" varchar NOT NULL PRIMARY KEY, "value" varchar, "created_at" datetime NOT NULL, "updated_at" datetime NOT NULL)[0m
  [1m[36mActiveRecord::SchemaMigration Load (0.2ms)[0m  [1m[34mSELECT "schema_migrations".* FROM "schema_migrations"[0m
Migrating to DeviseCreateUsers (20190727195505)
  [1m[35m (0.1ms)[0m  [1m[36mbegin transaction[0m
  [1m[35m (0.5ms)[0m  [1m[35mCREATE TABLE "users" ("id" INTEGER PRIMARY KEY AUTOINCREMENT NOT NULL, "email" varchar DEFAULT '' NOT NULL, "encrypted_password" varchar DEFAULT '' NOT NULL, "reset_password_token" varchar, "reset_password_sent_at" datetime, "remember_created_at" datetime, "created_at" datetime NOT NULL, "updated_at" datetime NOT NULL)[0m
  [1m[35m (0.1ms)[0m  [1m[34mselect sqlite_version(*)[0m
  [1m[35m (0.2ms)[0m  [1m[35mCREATE UNIQUE INDEX "index_users_on_email" ON "users" ("email")[0m
  [1m[35m (0.2ms)[0m  [1m[34m            SELECT sql
            FROM sqlite_master
            WHERE name='index_users_on_email' AND type='index'
            UNION ALL
            SELECT sql
            FROM sqlite_temp_master
            WHERE name='index_users_on_email' AND type='index'
[0m
  [1m[35m (0.3ms)[0m  [1m[35mCREATE UNIQUE INDEX "index_users_on_reset_password_token" ON "users" ("reset_password_token")[0m
  [1m[35mSQL (0.2ms)[0m  [1m[32mINSERT INTO "schema_migrations" ("version") VALUES (?)[0m  [["version", "20190727195505"]]
  [1m[35m (158.1ms)[0m  [1m[36mcommit transaction[0m
Migrating to CreateTypes (20190727201927)
  [1m[35m (0.1ms)[0m  [1m[36mbegin transaction[0m
  [1m[35m (0.4ms)[0m  [1m[35mCREATE TABLE "types" ("id" INTEGER PRIMARY KEY AUTOINCREMENT NOT NULL, "name" varchar, "created_at" datetime NOT NULL, "updated_at" datetime NOT NULL)[0m
  [1m[35mSQL (0.2ms)[0m  [1m[32mINSERT INTO "schema_migrations" ("version") VALUES (?)[0m  [["version", "20190727201927"]]
  [1m[35m (151.2ms)[0m  [1m[36mcommit transaction[0m
Migrating to CreateCategories (20190727202137)
  [1m[35m (0.1ms)[0m  [1m[36mbegin transaction[0m
  [1m[35m (0.6ms)[0m  [1m[35mCREATE TABLE "categories" ("id" INTEGER PRIMARY KEY AUTOINCREMENT NOT NULL, "name" varchar, "created_at" datetime NOT NULL, "updated_at" datetime NOT NULL)[0m
  [1m[35mSQL (0.3ms)[0m  [1m[32mINSERT INTO "schema_migrations" ("version") VALUES (?)[0m  [["version", "20190727202137"]]
  [1m[35m (153.8ms)[0m  [1m[36mcommit transaction[0m
Migrating to CreateExpenses (20190727202917)
  [1m[35m (0.2ms)[0m  [1m[36mbegin transaction[0m
  [1m[35m (0.4ms)[0m  [1m[35mCREATE TABLE "expenses" ("id" INTEGER PRIMARY KEY AUTOINCREMENT NOT NULL, "date" date, "amount" decimal, "concept" varchar, "type_id" integer, "category_id" integer, "user_id" integer, "created_at" datetime NOT NULL, "updated_at" datetime NOT NULL)[0m
  [1m[35m (0.2ms)[0m  [1m[35mCREATE  INDEX "index_expenses_on_type_id" ON "expenses" ("type_id")[0m
  [1m[35m (0.2ms)[0m  [1m[34m            SELECT sql
            FROM sqlite_master
            WHERE name='index_expenses_on_type_id' AND type='index'
            UNION ALL
            SELECT sql
            FROM sqlite_temp_master
            WHERE name='index_expenses_on_type_id' AND type='index'
[0m
  [1m[35m (0.3ms)[0m  [1m[35mCREATE  INDEX "index_expenses_on_category_id" ON "expenses" ("category_id")[0m
  [1m[35m (0.2ms)[0m  [1m[34m            SELECT sql
            FROM sqlite_master
            WHERE name='index_expenses_on_category_id' AND type='index'
            UNION ALL
            SELECT sql
            FROM sqlite_temp_master
            WHERE name='index_expenses_on_category_id' AND type='index'
[0m
  [1m[35m (0.2ms)[0m  [1m[34m            SELECT sql
            FROM sqlite_master
            WHERE name='index_expenses_on_type_id' AND type='index'
            UNION ALL
            SELECT sql
            FROM sqlite_temp_master
            WHERE name='index_expenses_on_type_id' AND type='index'
[0m
  [1m[35m (0.3ms)[0m  [1m[35mCREATE  INDEX "index_expenses_on_user_id" ON "expenses" ("user_id")[0m
  [1m[35mSQL (0.2ms)[0m  [1m[32mINSERT INTO "schema_migrations" ("version") VALUES (?)[0m  [["version", "20190727202917"]]
  [1m[35m (128.2ms)[0m  [1m[36mcommit transaction[0m
  [1m[36mActiveRecord::InternalMetadata Load (0.3ms)[0m  [1m[34mSELECT  "ar_internal_metadata".* FROM "ar_internal_metadata" WHERE "ar_internal_metadata"."key" = ? LIMIT ?[0m  [["key", "environment"], ["LIMIT", 1]]
  [1m[35m (0.1ms)[0m  [1m[36mbegin transaction[0m
  [1m[35mSQL (0.4ms)[0m  [1m[32mINSERT INTO "ar_internal_metadata" ("key", "value", "created_at", "updated_at") VALUES (?, ?, ?, ?)[0m  [["key", "environment"], ["value", "development"], ["created_at", "2019-08-03 20:09:52.500983"], ["updated_at", "2019-08-03 20:09:52.500983"]]
  [1m[35m (125.8ms)[0m  [1m[36mcommit transaction[0m
  [1m[36mActiveRecord::SchemaMigration Load (0.2ms)[0m  [1m[34mSELECT "schema_migrations".* FROM "schema_migrations"[0m
  [1m[35m (0.1ms)[0m  [1m[34m            SELECT sql
            FROM sqlite_master
            WHERE name='index_expenses_on_user_id' AND type='index'
            UNION ALL
            SELECT sql
            FROM sqlite_temp_master
            WHERE name='index_expenses_on_user_id' AND type='index'
[0m
  [1m[35m (0.2ms)[0m  [1m[34m            SELECT sql
            FROM sqlite_master
            WHERE name='index_expenses_on_category_id' AND type='index'
            UNION ALL
            SELECT sql
            FROM sqlite_temp_master
            WHERE name='index_expenses_on_category_id' AND type='index'
[0m
  [1m[35m (0.2ms)[0m  [1m[34m            SELECT sql
            FROM sqlite_master
            WHERE name='index_expenses_on_type_id' AND type='index'
            UNION ALL
            SELECT sql
            FROM sqlite_temp_master
            WHERE name='index_expenses_on_type_id' AND type='index'
[0m
  [1m[35m (0.1ms)[0m  [1m[34m            SELECT sql
            FROM sqlite_master
            WHERE name='index_users_on_reset_password_token' AND type='index'
            UNION ALL
            SELECT sql
            FROM sqlite_temp_master
            WHERE name='index_users_on_reset_password_token' AND type='index'
[0m
  [1m[35m (0.2ms)[0m  [1m[34m            SELECT sql
            FROM sqlite_master
            WHERE name='index_users_on_email' AND type='index'
            UNION ALL
            SELECT sql
            FROM sqlite_temp_master
            WHERE name='index_users_on_email' AND type='index'
[0m
Started GET "/" for 127.0.0.1 at 2019-08-03 15:10:09 -0500
  [1m[36mActiveRecord::SchemaMigration Load (0.9ms)[0m  [1m[34mSELECT "schema_migrations".* FROM "schema_migrations"[0m
Processing by DashboardController#index as HTML
  Rendering dashboard/index.html.erb within layouts/application
  Rendered dashboard/index.html.erb within layouts/application (4.2ms)
Completed 200 OK in 6557ms (Views: 6454.9ms | ActiveRecord: 0.0ms)


Started GET "/assets/application.self-cf39870db34e72a29ca0754baf249d4644551f110abae302073e3a12a411f61c.css?body=1" for 127.0.0.1 at 2019-08-03 15:10:15 -0500
Started GET "/expenses" for 127.0.0.1 at 2019-08-03 15:11:15 -0500
Processing by ExpensesController#index as HTML
  Rendering expenses/index.html.erb within layouts/application
  Rendered expenses/index.html.erb within layouts/application (1.4ms)
Completed 200 OK in 96ms (Views: 93.7ms | ActiveRecord: 0.0ms)


Started GET "/assets/bootstrap/glyphicons-halflings-regular-fe185d11a49676890d47bb783312a0cda5a44c4039214094e7957b4c040ef11c.woff2" for 127.0.0.1 at 2019-08-03 15:11:15 -0500
Started GET "/categories/new" for 127.0.0.1 at 2019-08-03 15:12:25 -0500
Processing by CategoriesController#new as JS
  Rendering categories/new.js.erb
  Rendered categories/_form.html.erb (34.1ms)
  Rendered categories/new.js.erb (41.3ms)
Completed 200 OK in 69ms (Views: 51.4ms | ActiveRecord: 1.8ms)


Started GET "/expenses" for 127.0.0.1 at 2019-08-03 15:20:38 -0500
Processing by ExpensesController#index as HTML
  Rendering expenses/index.html.erb within layouts/application
  Rendered expenses/index.html.erb within layouts/application (1.3ms)
Completed 200 OK in 138ms (Views: 135.7ms | ActiveRecord: 0.0ms)


Started GET "/expenses" for 127.0.0.1 at 2019-08-03 15:20:39 -0500
Processing by ExpensesController#index as HTML
  Rendering expenses/index.html.erb within layouts/application
  Rendered expenses/index.html.erb within layouts/application (1.5ms)
Completed 200 OK in 116ms (Views: 113.9ms | ActiveRecord: 0.0ms)


Started GET "/categories/new" for 127.0.0.1 at 2019-08-03 15:20:43 -0500
Processing by CategoriesController#new as JS
  Rendering categories/new.js.erb
  Rendered categories/_form.html.erb (2.9ms)
  Rendered categories/new.js.erb (10.3ms)
Completed 200 OK in 29ms (Views: 20.2ms | ActiveRecord: 0.0ms)


Started GET "/categories/new" for 127.0.0.1 at 2019-08-03 15:20:49 -0500
Processing by CategoriesController#new as JS
  Rendering categories/new.js.erb
  Rendered categories/_form.html.erb (2.4ms)
  Rendered categories/new.js.erb (10.8ms)
Completed 200 OK in 28ms (Views: 20.4ms | ActiveRecord: 0.0ms)


Started GET "/categories/new" for 127.0.0.1 at 2019-08-03 15:20:53 -0500
Processing by CategoriesController#new as JS
  Rendering categories/new.js.erb
  Rendered categories/_form.html.erb (3.2ms)
  Rendered categories/new.js.erb (12.8ms)
Completed 200 OK in 30ms (Views: 22.9ms | ActiveRecord: 0.0ms)


Started GET "/catergories" for 127.0.0.1 at 2019-08-03 15:21:04 -0500
  
ActionController::RoutingError (No route matches [GET] "/catergories"):
  
actionpack (5.0.6) lib/action_dispatch/middleware/debug_exceptions.rb:53:in `call'
web-console (3.5.1) lib/web_console/middleware.rb:135:in `call_app'
web-console (3.5.1) lib/web_console/middleware.rb:28:in `block in call'
web-console (3.5.1) lib/web_console/middleware.rb:18:in `catch'
web-console (3.5.1) lib/web_console/middleware.rb:18:in `call'
actionpack (5.0.6) lib/action_dispatch/middleware/show_exceptions.rb:31:in `call'
railties (5.0.6) lib/rails/rack/logger.rb:36:in `call_app'
railties (5.0.6) lib/rails/rack/logger.rb:24:in `block in call'
activesupport (5.0.6) lib/active_support/tagged_logging.rb:69:in `block in tagged'
activesupport (5.0.6) lib/active_support/tagged_logging.rb:26:in `tagged'
activesupport (5.0.6) lib/active_support/tagged_logging.rb:69:in `tagged'
railties (5.0.6) lib/rails/rack/logger.rb:24:in `call'
actionpack (5.0.6) lib/action_dispatch/middleware/request_id.rb:24:in `call'
rack (2.0.4) lib/rack/method_override.rb:22:in `call'
rack (2.0.4) lib/rack/runtime.rb:22:in `call'
activesupport (5.0.6) lib/active_support/cache/strategy/local_cache_middleware.rb:28:in `call'
actionpack (5.0.6) lib/action_dispatch/middleware/executor.rb:12:in `call'
actionpack (5.0.6) lib/action_dispatch/middleware/static.rb:136:in `call'
rack (2.0.4) lib/rack/sendfile.rb:111:in `call'
railties (5.0.6) lib/rails/engine.rb:522:in `call'
puma (3.11.3) lib/puma/configuration.rb:225:in `call'
puma (3.11.3) lib/puma/server.rb:624:in `handle_request'
puma (3.11.3) lib/puma/server.rb:438:in `process_client'
puma (3.11.3) lib/puma/server.rb:302:in `block in run'
puma (3.11.3) lib/puma/thread_pool.rb:120:in `block in spawn_thread'
  Rendering /var/lib/gems/2.5.0/gems/actionpack-5.0.6/lib/action_dispatch/middleware/templates/rescues/routing_error.html.erb within rescues/layout
  Rendering /var/lib/gems/2.5.0/gems/actionpack-5.0.6/lib/action_dispatch/middleware/templates/rescues/_trace.html.erb
  Rendered /var/lib/gems/2.5.0/gems/actionpack-5.0.6/lib/action_dispatch/middleware/templates/rescues/_trace.html.erb (2.4ms)
  Rendered collection of /var/lib/gems/2.5.0/gems/actionpack-5.0.6/lib/action_dispatch/middleware/templates/routes/_route.html.erb [25 times] (17.1ms)
  Rendered /var/lib/gems/2.5.0/gems/actionpack-5.0.6/lib/action_dispatch/middleware/templates/routes/_table.html.erb (4.8ms)
  Rendering /var/lib/gems/2.5.0/gems/actionpack-5.0.6/lib/action_dispatch/middleware/templates/rescues/_request_and_response.html.erb
  Rendered /var/lib/gems/2.5.0/gems/actionpack-5.0.6/lib/action_dispatch/middleware/templates/rescues/_request_and_response.html.erb (4.3ms)
  Rendered /var/lib/gems/2.5.0/gems/actionpack-5.0.6/lib/action_dispatch/middleware/templates/rescues/routing_error.html.erb within rescues/layout (66.1ms)
Started GET "/catergories" for 127.0.0.1 at 2019-08-03 15:21:21 -0500
  
ActionController::RoutingError (No route matches [GET] "/catergories"):
  
actionpack (5.0.6) lib/action_dispatch/middleware/debug_exceptions.rb:53:in `call'
web-console (3.5.1) lib/web_console/middleware.rb:135:in `call_app'
web-console (3.5.1) lib/web_console/middleware.rb:28:in `block in call'
web-console (3.5.1) lib/web_console/middleware.rb:18:in `catch'
web-console (3.5.1) lib/web_console/middleware.rb:18:in `call'
actionpack (5.0.6) lib/action_dispatch/middleware/show_exceptions.rb:31:in `call'
railties (5.0.6) lib/rails/rack/logger.rb:36:in `call_app'
railties (5.0.6) lib/rails/rack/logger.rb:24:in `block in call'
activesupport (5.0.6) lib/active_support/tagged_logging.rb:69:in `block in tagged'
activesupport (5.0.6) lib/active_support/tagged_logging.rb:26:in `tagged'
activesupport (5.0.6) lib/active_support/tagged_logging.rb:69:in `tagged'
railties (5.0.6) lib/rails/rack/logger.rb:24:in `call'
actionpack (5.0.6) lib/action_dispatch/middleware/request_id.rb:24:in `call'
rack (2.0.4) lib/rack/method_override.rb:22:in `call'
rack (2.0.4) lib/rack/runtime.rb:22:in `call'
activesupport (5.0.6) lib/active_support/cache/strategy/local_cache_middleware.rb:28:in `call'
actionpack (5.0.6) lib/action_dispatch/middleware/executor.rb:12:in `call'
actionpack (5.0.6) lib/action_dispatch/middleware/static.rb:136:in `call'
rack (2.0.4) lib/rack/sendfile.rb:111:in `call'
railties (5.0.6) lib/rails/engine.rb:522:in `call'
puma (3.11.3) lib/puma/configuration.rb:225:in `call'
puma (3.11.3) lib/puma/server.rb:624:in `handle_request'
puma (3.11.3) lib/puma/server.rb:438:in `process_client'
puma (3.11.3) lib/puma/server.rb:302:in `block in run'
puma (3.11.3) lib/puma/thread_pool.rb:120:in `block in spawn_thread'
  Rendering /var/lib/gems/2.5.0/gems/actionpack-5.0.6/lib/action_dispatch/middleware/templates/rescues/routing_error.html.erb within rescues/layout
  Rendering /var/lib/gems/2.5.0/gems/actionpack-5.0.6/lib/action_dispatch/middleware/templates/rescues/_trace.html.erb
  Rendered /var/lib/gems/2.5.0/gems/actionpack-5.0.6/lib/action_dispatch/middleware/templates/rescues/_trace.html.erb (3.6ms)
  Rendered collection of /var/lib/gems/2.5.0/gems/actionpack-5.0.6/lib/action_dispatch/middleware/templates/routes/_route.html.erb [25 times] (14.8ms)
  Rendered /var/lib/gems/2.5.0/gems/actionpack-5.0.6/lib/action_dispatch/middleware/templates/routes/_table.html.erb (4.6ms)
  Rendering /var/lib/gems/2.5.0/gems/actionpack-5.0.6/lib/action_dispatch/middleware/templates/rescues/_request_and_response.html.erb
  Rendered /var/lib/gems/2.5.0/gems/actionpack-5.0.6/lib/action_dispatch/middleware/templates/rescues/_request_and_response.html.erb (3.0ms)
  Rendered /var/lib/gems/2.5.0/gems/actionpack-5.0.6/lib/action_dispatch/middleware/templates/rescues/routing_error.html.erb within rescues/layout (61.5ms)
Started GET "/catergories" for 127.0.0.1 at 2019-08-03 15:21:50 -0500
  
ActionController::RoutingError (No route matches [GET] "/catergories"):
  
actionpack (5.0.6) lib/action_dispatch/middleware/debug_exceptions.rb:53:in `call'
web-console (3.5.1) lib/web_console/middleware.rb:135:in `call_app'
web-console (3.5.1) lib/web_console/middleware.rb:28:in `block in call'
web-console (3.5.1) lib/web_console/middleware.rb:18:in `catch'
web-console (3.5.1) lib/web_console/middleware.rb:18:in `call'
actionpack (5.0.6) lib/action_dispatch/middleware/show_exceptions.rb:31:in `call'
railties (5.0.6) lib/rails/rack/logger.rb:36:in `call_app'
railties (5.0.6) lib/rails/rack/logger.rb:24:in `block in call'
activesupport (5.0.6) lib/active_support/tagged_logging.rb:69:in `block in tagged'
activesupport (5.0.6) lib/active_support/tagged_logging.rb:26:in `tagged'
activesupport (5.0.6) lib/active_support/tagged_logging.rb:69:in `tagged'
railties (5.0.6) lib/rails/rack/logger.rb:24:in `call'
actionpack (5.0.6) lib/action_dispatch/middleware/request_id.rb:24:in `call'
rack (2.0.4) lib/rack/method_override.rb:22:in `call'
rack (2.0.4) lib/rack/runtime.rb:22:in `call'
activesupport (5.0.6) lib/active_support/cache/strategy/local_cache_middleware.rb:28:in `call'
actionpack (5.0.6) lib/action_dispatch/middleware/executor.rb:12:in `call'
actionpack (5.0.6) lib/action_dispatch/middleware/static.rb:136:in `call'
rack (2.0.4) lib/rack/sendfile.rb:111:in `call'
railties (5.0.6) lib/rails/engine.rb:522:in `call'
puma (3.11.3) lib/puma/configuration.rb:225:in `call'
puma (3.11.3) lib/puma/server.rb:624:in `handle_request'
puma (3.11.3) lib/puma/server.rb:438:in `process_client'
puma (3.11.3) lib/puma/server.rb:302:in `block in run'
puma (3.11.3) lib/puma/thread_pool.rb:120:in `block in spawn_thread'
  Rendering /var/lib/gems/2.5.0/gems/actionpack-5.0.6/lib/action_dispatch/middleware/templates/rescues/routing_error.html.erb within rescues/layout
  Rendering /var/lib/gems/2.5.0/gems/actionpack-5.0.6/lib/action_dispatch/middleware/templates/rescues/_trace.html.erb
  Rendered /var/lib/gems/2.5.0/gems/actionpack-5.0.6/lib/action_dispatch/middleware/templates/rescues/_trace.html.erb (2.8ms)
  Rendered collection of /var/lib/gems/2.5.0/gems/actionpack-5.0.6/lib/action_dispatch/middleware/templates/routes/_route.html.erb [25 times] (19.5ms)
  Rendered /var/lib/gems/2.5.0/gems/actionpack-5.0.6/lib/action_dispatch/middleware/templates/routes/_table.html.erb (5.0ms)
  Rendering /var/lib/gems/2.5.0/gems/actionpack-5.0.6/lib/action_dispatch/middleware/templates/rescues/_request_and_response.html.erb
  Rendered /var/lib/gems/2.5.0/gems/actionpack-5.0.6/lib/action_dispatch/middleware/templates/rescues/_request_and_response.html.erb (4.6ms)
  Rendered /var/lib/gems/2.5.0/gems/actionpack-5.0.6/lib/action_dispatch/middleware/templates/rescues/routing_error.html.erb within rescues/layout (70.8ms)
Started GET "/categories" for 127.0.0.1 at 2019-08-03 15:22:13 -0500
Processing by CategoriesController#index as HTML
  Rendering categories/index.html.erb within layouts/application
  Rendered categories/index.html.erb within layouts/application (0.7ms)
Completed 200 OK in 125ms (Views: 123.2ms | ActiveRecord: 0.0ms)


Started GET "/categories" for 127.0.0.1 at 2019-08-03 15:23:39 -0500
Processing by CategoriesController#index as HTML
  Rendering categories/index.html.erb within layouts/application
  Rendered categories/index.html.erb within layouts/application (0.9ms)
Completed 200 OK in 136ms (Views: 125.3ms | ActiveRecord: 0.0ms)


Started GET "/categories" for 127.0.0.1 at 2019-08-03 15:23:40 -0500
Processing by CategoriesController#index as HTML
  Rendering categories/index.html.erb within layouts/application
  Rendered categories/index.html.erb within layouts/application (1.7ms)
Completed 200 OK in 129ms (Views: 127.3ms | ActiveRecord: 0.0ms)


Started GET "/categories" for 127.0.0.1 at 2019-08-03 15:30:19 -0500
Processing by CategoriesController#index as HTML
  Rendering categories/index.html.erb within layouts/application
  [1m[36mCategory Load (0.5ms)[0m  [1m[34mSELECT "categories".* FROM "categories"[0m
  Rendered categories/index.html.erb within layouts/application (4.4ms)
Completed 200 OK in 107ms (Views: 100.3ms | ActiveRecord: 1.0ms)


Started GET "/categories" for 127.0.0.1 at 2019-08-03 15:30:19 -0500
Processing by CategoriesController#index as HTML
  Rendering categories/index.html.erb within layouts/application
  [1m[36mCategory Load (0.3ms)[0m  [1m[34mSELECT "categories".* FROM "categories"[0m
  Rendered categories/index.html.erb within layouts/application (3.2ms)
Completed 200 OK in 108ms (Views: 105.5ms | ActiveRecord: 0.3ms)


Started GET "/categories" for 127.0.0.1 at 2019-08-03 15:30:20 -0500
Processing by CategoriesController#index as HTML
  Rendering categories/index.html.erb within layouts/application
  [1m[36mCategory Load (0.2ms)[0m  [1m[34mSELECT "categories".* FROM "categories"[0m
  Rendered categories/index.html.erb within layouts/application (1.4ms)
Completed 200 OK in 112ms (Views: 109.2ms | ActiveRecord: 0.2ms)


Started GET "/categories" for 127.0.0.1 at 2019-08-03 15:30:20 -0500
Processing by CategoriesController#index as HTML
  Rendering categories/index.html.erb within layouts/application
  [1m[36mCategory Load (0.3ms)[0m  [1m[34mSELECT "categories".* FROM "categories"[0m
  Rendered categories/index.html.erb within layouts/application (2.2ms)
Completed 200 OK in 105ms (Views: 101.8ms | ActiveRecord: 0.3ms)


Started GET "/categories" for 127.0.0.1 at 2019-08-03 15:30:21 -0500
Processing by CategoriesController#index as HTML
  Rendering categories/index.html.erb within layouts/application
  [1m[36mCategory Load (0.2ms)[0m  [1m[34mSELECT "categories".* FROM "categories"[0m
  Rendered categories/index.html.erb within layouts/application (1.8ms)
Completed 200 OK in 96ms (Views: 93.1ms | ActiveRecord: 0.2ms)


Started GET "/categories" for 127.0.0.1 at 2019-08-03 15:30:22 -0500
Processing by CategoriesController#index as HTML
  Rendering categories/index.html.erb within layouts/application
  [1m[36mCategory Load (0.3ms)[0m  [1m[34mSELECT "categories".* FROM "categories"[0m
  Rendered categories/index.html.erb within layouts/application (2.0ms)
Completed 200 OK in 111ms (Views: 107.8ms | ActiveRecord: 0.3ms)


Started GET "/categories" for 127.0.0.1 at 2019-08-03 15:30:55 -0500
Processing by CategoriesController#index as HTML
  Rendering categories/index.html.erb within layouts/application
  [1m[36mCategory Load (0.3ms)[0m  [1m[34mSELECT "categories".* FROM "categories"[0m
  Rendered categories/index.html.erb within layouts/application (2.3ms)
Completed 200 OK in 106ms (Views: 103.8ms | ActiveRecord: 0.3ms)


Started GET "/categories" for 127.0.0.1 at 2019-08-03 15:30:56 -0500
Processing by CategoriesController#index as HTML
  Rendering categories/index.html.erb within layouts/application
  [1m[36mCategory Load (0.2ms)[0m  [1m[34mSELECT "categories".* FROM "categories"[0m
  Rendered categories/index.html.erb within layouts/application (1.9ms)
Completed 200 OK in 103ms (Views: 100.1ms | ActiveRecord: 0.2ms)


Started GET "/categories" for 127.0.0.1 at 2019-08-03 15:32:02 -0500
Processing by CategoriesController#index as HTML
  Rendering categories/index.html.erb within layouts/application
  [1m[36mCategory Load (0.3ms)[0m  [1m[34mSELECT "categories".* FROM "categories"[0m
  Rendered categories/index.html.erb within layouts/application (2.7ms)
Completed 200 OK in 113ms (Views: 109.7ms | ActiveRecord: 0.3ms)


Started GET "/categories/new" for 127.0.0.1 at 2019-08-03 15:32:03 -0500
Processing by CategoriesController#new as JS
  Rendering categories/new.js.erb
  Rendered categories/_form.html.erb (3.1ms)
  Rendered categories/new.js.erb (12.0ms)
Completed 200 OK in 38ms (Views: 23.0ms | ActiveRecord: 0.7ms)


Started POST "/categories" for 127.0.0.1 at 2019-08-03 15:32:27 -0500
Processing by CategoriesController#create as JS
  Parameters: {"utf8"=>"✓", "category"=>{"name"=>"Cuota Casa"}, "commit"=>"Crear Categoria"}
  [1m[35m (0.1ms)[0m  [1m[36mbegin transaction[0m
  [1m[35mSQL (0.5ms)[0m  [1m[32mINSERT INTO "categories" ("name", "created_at", "updated_at") VALUES (?, ?, ?)[0m  [["name", "Cuota Casa"], ["created_at", "2019-08-03 20:32:27.229631"], ["updated_at", "2019-08-03 20:32:27.229631"]]
  [1m[35m (256.6ms)[0m  [1m[36mcommit transaction[0m
  Rendering categories/create.js.erb
  Rendered categories/create.js.erb (0.8ms)
Completed 200 OK in 293ms (Views: 11.3ms | ActiveRecord: 257.2ms)


Started GET "/categories" for 127.0.0.1 at 2019-08-03 15:32:30 -0500
Processing by CategoriesController#index as HTML
  Rendering categories/index.html.erb within layouts/application
  [1m[36mCategory Load (0.3ms)[0m  [1m[34mSELECT "categories".* FROM "categories"[0m
  Rendered categories/index.html.erb within layouts/application (2.9ms)
Completed 200 OK in 111ms (Views: 107.7ms | ActiveRecord: 0.3ms)


Started GET "/categories/new" for 127.0.0.1 at 2019-08-03 15:32:40 -0500
Processing by CategoriesController#new as JS
  Rendering categories/new.js.erb
  Rendered categories/_form.html.erb (1.9ms)
  Rendered categories/new.js.erb (10.2ms)
Completed 200 OK in 27ms (Views: 20.1ms | ActiveRecord: 0.0ms)


Started POST "/categories" for 127.0.0.1 at 2019-08-03 15:33:00 -0500
Processing by CategoriesController#create as JS
  Parameters: {"utf8"=>"✓", "category"=>{"name"=>"Tarjeta de Crédito"}, "commit"=>"Crear Categoria"}
  [1m[35m (0.1ms)[0m  [1m[36mbegin transaction[0m
  [1m[35mSQL (1.5ms)[0m  [1m[32mINSERT INTO "categories" ("name", "created_at", "updated_at") VALUES (?, ?, ?)[0m  [["name", "Tarjeta de Crédito"], ["created_at", "2019-08-03 20:33:00.509402"], ["updated_at", "2019-08-03 20:33:00.509402"]]
  [1m[35m (323.5ms)[0m  [1m[36mcommit transaction[0m
  Rendering categories/create.js.erb
  Rendered categories/create.js.erb (0.7ms)
Completed 200 OK in 347ms (Views: 9.2ms | ActiveRecord: 325.1ms)


Started GET "/categories" for 127.0.0.1 at 2019-08-03 15:33:02 -0500
Processing by CategoriesController#index as HTML
  Rendering categories/index.html.erb within layouts/application
  [1m[36mCategory Load (0.6ms)[0m  [1m[34mSELECT "categories".* FROM "categories"[0m
  Rendered categories/index.html.erb within layouts/application (4.5ms)
Completed 200 OK in 112ms (Views: 109.1ms | ActiveRecord: 0.6ms)


Started GET "/categories/new" for 127.0.0.1 at 2019-08-03 15:33:05 -0500
Processing by CategoriesController#new as JS
  Rendering categories/new.js.erb
  Rendered categories/_form.html.erb (3.5ms)
  Rendered categories/new.js.erb (13.9ms)
Completed 200 OK in 36ms (Views: 26.7ms | ActiveRecord: 0.0ms)


Started POST "/categories" for 127.0.0.1 at 2019-08-03 15:33:17 -0500
Processing by CategoriesController#create as JS
  Parameters: {"utf8"=>"✓", "category"=>{"name"=>"Partido de Fútbol"}, "commit"=>"Crear Categoria"}
  [1m[35m (0.1ms)[0m  [1m[36mbegin transaction[0m
  [1m[35mSQL (1.4ms)[0m  [1m[32mINSERT INTO "categories" ("name", "created_at", "updated_at") VALUES (?, ?, ?)[0m  [["name", "Partido de Fútbol"], ["created_at", "2019-08-03 20:33:17.842669"], ["updated_at", "2019-08-03 20:33:17.842669"]]
  [1m[35m (279.6ms)[0m  [1m[36mcommit transaction[0m
  Rendering categories/create.js.erb
  Rendered categories/create.js.erb (0.7ms)
Completed 200 OK in 304ms (Views: 10.8ms | ActiveRecord: 281.2ms)


Started GET "/categories" for 127.0.0.1 at 2019-08-03 15:33:21 -0500
Processing by CategoriesController#index as HTML
  Rendering categories/index.html.erb within layouts/application
  [1m[36mCategory Load (0.3ms)[0m  [1m[34mSELECT "categories".* FROM "categories"[0m
  Rendered categories/index.html.erb within layouts/application (2.7ms)
Completed 200 OK in 125ms (Views: 122.5ms | ActiveRecord: 0.3ms)


Started GET "/categories/new" for 127.0.0.1 at 2019-08-03 15:33:27 -0500
Processing by CategoriesController#new as JS
  Rendering categories/new.js.erb
  Rendered categories/_form.html.erb (2.7ms)
  Rendered categories/new.js.erb (11.5ms)
Completed 200 OK in 30ms (Views: 22.2ms | ActiveRecord: 0.0ms)


Started POST "/categories" for 127.0.0.1 at 2019-08-03 15:33:39 -0500
Processing by CategoriesController#create as JS
  Parameters: {"utf8"=>"✓", "category"=>{"name"=>"Cívica"}, "commit"=>"Crear Categoria"}
  [1m[35m (0.2ms)[0m  [1m[36mbegin transaction[0m
  [1m[35mSQL (1.6ms)[0m  [1m[32mINSERT INTO "categories" ("name", "created_at", "updated_at") VALUES (?, ?, ?)[0m  [["name", "Cívica"], ["created_at", "2019-08-03 20:33:39.780218"], ["updated_at", "2019-08-03 20:33:39.780218"]]
  [1m[35m (243.4ms)[0m  [1m[36mcommit transaction[0m
  Rendering categories/create.js.erb
  Rendered categories/create.js.erb (0.9ms)
Completed 200 OK in 275ms (Views: 12.8ms | ActiveRecord: 245.1ms)


Started GET "/categories" for 127.0.0.1 at 2019-08-03 15:33:43 -0500
Processing by CategoriesController#index as HTML
  Rendering categories/index.html.erb within layouts/application
  [1m[36mCategory Load (0.3ms)[0m  [1m[34mSELECT "categories".* FROM "categories"[0m
  Rendered categories/index.html.erb within layouts/application (3.0ms)
Completed 200 OK in 115ms (Views: 112.7ms | ActiveRecord: 0.3ms)


Started GET "/categories" for 127.0.0.1 at 2019-08-03 15:33:47 -0500
Processing by CategoriesController#index as HTML
  Rendering categories/index.html.erb within layouts/application
  [1m[36mCategory Load (0.3ms)[0m  [1m[34mSELECT "categories".* FROM "categories"[0m
  Rendered categories/index.html.erb within layouts/application (2.7ms)
Completed 200 OK in 93ms (Views: 90.7ms | ActiveRecord: 0.3ms)


Started GET "/categories" for 127.0.0.1 at 2019-08-03 15:33:49 -0500
Processing by CategoriesController#index as HTML
  Rendering categories/index.html.erb within layouts/application
  [1m[36mCategory Load (0.3ms)[0m  [1m[34mSELECT "categories".* FROM "categories"[0m
  Rendered categories/index.html.erb within layouts/application (2.8ms)
Completed 200 OK in 91ms (Views: 88.9ms | ActiveRecord: 0.3ms)


Started GET "/categories" for 127.0.0.1 at 2019-08-03 15:33:50 -0500
Processing by CategoriesController#index as HTML
  Rendering categories/index.html.erb within layouts/application
  [1m[36mCategory Load (0.3ms)[0m  [1m[34mSELECT "categories".* FROM "categories"[0m
  Rendered categories/index.html.erb within layouts/application (3.6ms)
Completed 200 OK in 106ms (Views: 102.9ms | ActiveRecord: 0.3ms)


Started GET "/categories" for 127.0.0.1 at 2019-08-03 15:33:50 -0500
Processing by CategoriesController#index as HTML
  Rendering categories/index.html.erb within layouts/application
  [1m[36mCategory Load (0.3ms)[0m  [1m[34mSELECT "categories".* FROM "categories"[0m
  Rendered categories/index.html.erb within layouts/application (2.9ms)
Completed 200 OK in 107ms (Views: 104.6ms | ActiveRecord: 0.3ms)


Started GET "/categories" for 127.0.0.1 at 2019-08-03 15:33:51 -0500
Processing by CategoriesController#index as HTML
  Rendering categories/index.html.erb within layouts/application
  [1m[36mCategory Load (0.3ms)[0m  [1m[34mSELECT "categories".* FROM "categories"[0m
  Rendered categories/index.html.erb within layouts/application (2.8ms)
Completed 200 OK in 124ms (Views: 121.7ms | ActiveRecord: 0.3ms)


Started GET "/categories" for 127.0.0.1 at 2019-08-03 15:33:53 -0500
Processing by CategoriesController#index as HTML
  Rendering categories/index.html.erb within layouts/application
  [1m[36mCategory Load (0.3ms)[0m  [1m[34mSELECT "categories".* FROM "categories"[0m
  Rendered categories/index.html.erb within layouts/application (2.8ms)
Completed 200 OK in 105ms (Views: 102.9ms | ActiveRecord: 0.3ms)


Started GET "/categories" for 127.0.0.1 at 2019-08-03 15:33:54 -0500
Processing by CategoriesController#index as HTML
  Rendering categories/index.html.erb within layouts/application
  [1m[36mCategory Load (0.3ms)[0m  [1m[34mSELECT "categories".* FROM "categories"[0m
  Rendered categories/index.html.erb within layouts/application (3.9ms)
Completed 200 OK in 101ms (Views: 99.2ms | ActiveRecord: 0.3ms)


Started GET "/categories" for 127.0.0.1 at 2019-08-03 15:33:55 -0500
Processing by CategoriesController#index as HTML
  Rendering categories/index.html.erb within layouts/application
  [1m[36mCategory Load (0.3ms)[0m  [1m[34mSELECT "categories".* FROM "categories"[0m
  Rendered categories/index.html.erb within layouts/application (5.5ms)
Completed 200 OK in 119ms (Views: 116.2ms | ActiveRecord: 0.3ms)


Started GET "/categories" for 127.0.0.1 at 2019-08-03 15:33:56 -0500
Processing by CategoriesController#index as HTML
  Rendering categories/index.html.erb within layouts/application
  [1m[36mCategory Load (0.7ms)[0m  [1m[34mSELECT "categories".* FROM "categories"[0m
  Rendered categories/index.html.erb within layouts/application (6.1ms)
Completed 200 OK in 107ms (Views: 104.6ms | ActiveRecord: 0.7ms)


Started GET "/categories" for 127.0.0.1 at 2019-08-03 15:39:17 -0500
Processing by CategoriesController#index as HTML
  Rendering categories/index.html.erb within layouts/application
  [1m[36mCategory Load (0.3ms)[0m  [1m[34mSELECT "categories".* FROM "categories"[0m
  Rendered categories/index.html.erb within layouts/application (3.0ms)
Completed 200 OK in 121ms (Views: 118.1ms | ActiveRecord: 0.3ms)


Started GET "/categories/new" for 127.0.0.1 at 2019-08-03 15:42:32 -0500
Processing by CategoriesController#new as JS
  Rendering categories/new.js.erb
  Rendered categories/_form.html.erb (2.0ms)
  Rendered categories/new.js.erb (9.3ms)
Completed 200 OK in 30ms (Views: 21.0ms | ActiveRecord: 0.0ms)


Started GET "/categories" for 127.0.0.1 at 2019-08-03 15:43:41 -0500
Processing by CategoriesController#index as HTML
  Rendering categories/index.html.erb within layouts/application
  [1m[36mCategory Load (0.6ms)[0m  [1m[34mSELECT "categories".* FROM "categories"[0m
  Rendered categories/index.html.erb within layouts/application (13.9ms)
Completed 200 OK in 146ms (Views: 139.1ms | ActiveRecord: 2.3ms)


Started GET "/categories/new" for 127.0.0.1 at 2019-08-03 15:43:42 -0500
Processing by CategoriesController#new as JS
  Rendering categories/new.js.erb
  Rendered categories/_form.html.erb (2.4ms)
  Rendered categories/new.js.erb (10.8ms)
Completed 200 OK in 27ms (Views: 20.1ms | ActiveRecord: 0.0ms)


Started POST "/categories" for 127.0.0.1 at 2019-08-03 15:43:54 -0500
Processing by CategoriesController#create as JS
  Parameters: {"utf8"=>"✓", "category"=>{"name"=>"Tigo"}, "commit"=>"Crear Categoria"}
  [1m[35m (0.1ms)[0m  [1m[36mbegin transaction[0m
  [1m[35mSQL (1.3ms)[0m  [1m[32mINSERT INTO "categories" ("name", "created_at", "updated_at") VALUES (?, ?, ?)[0m  [["name", "Tigo"], ["created_at", "2019-08-03 20:43:54.683153"], ["updated_at", "2019-08-03 20:43:54.683153"]]
  [1m[35m (360.2ms)[0m  [1m[36mcommit transaction[0m
Redirected to http://localhost:3000/categories
Completed 200 OK in 369ms (ActiveRecord: 361.7ms)


Started GET "/categories" for 127.0.0.1 at 2019-08-03 15:43:55 -0500
Processing by CategoriesController#index as HTML
  Rendering categories/index.html.erb within layouts/application
  [1m[36mCategory Load (0.3ms)[0m  [1m[34mSELECT "categories".* FROM "categories"[0m
  Rendered categories/index.html.erb within layouts/application (2.9ms)
Completed 200 OK in 102ms (Views: 99.3ms | ActiveRecord: 0.3ms)


Started GET "/categories" for 127.0.0.1 at 2019-08-03 15:46:42 -0500
Processing by CategoriesController#index as HTML
  Rendering categories/index.html.erb within layouts/application
  [1m[36mCategory Load (0.3ms)[0m  [1m[34mSELECT "categories".* FROM "categories"[0m
  Rendered categories/index.html.erb within layouts/application (2.7ms)
Completed 200 OK in 103ms (Views: 100.2ms | ActiveRecord: 0.3ms)


Started GET "/categories" for 127.0.0.1 at 2019-08-03 15:46:44 -0500
Processing by CategoriesController#index as HTML
  Rendering categories/index.html.erb within layouts/application
  [1m[36mCategory Load (0.3ms)[0m  [1m[34mSELECT "categories".* FROM "categories"[0m
  Rendered categories/index.html.erb within layouts/application (3.0ms)
Completed 200 OK in 104ms (Views: 101.6ms | ActiveRecord: 0.3ms)


Started GET "/categories/new" for 127.0.0.1 at 2019-08-03 15:47:16 -0500
Processing by CategoriesController#new as JS
  Rendering categories/new.js.erb
  Rendered categories/_form.html.erb (2.7ms)
  Rendered categories/new.js.erb (12.2ms)
Completed 200 OK in 34ms (Views: 24.7ms | ActiveRecord: 0.0ms)


Started GET "/categories" for 127.0.0.1 at 2019-08-03 15:59:48 -0500
Processing by CategoriesController#index as HTML
  Rendering categories/index.html.erb within layouts/application
  [1m[36mCategory Load (0.7ms)[0m  [1m[34mSELECT "categories".* FROM "categories"[0m
  Rendered categories/index.html.erb within layouts/application (13.0ms)
Completed 200 OK in 120ms (Views: 113.1ms | ActiveRecord: 2.4ms)


Started GET "/categories/1/edit" for 127.0.0.1 at 2019-08-03 16:00:00 -0500
Processing by CategoriesController#edit as JS
  Parameters: {"id"=>"1"}
  [1m[36mCategory Load (0.3ms)[0m  [1m[34mSELECT  "categories".* FROM "categories" WHERE "categories"."id" = ? LIMIT ?[0m  [["id", 1], ["LIMIT", 1]]
  Rendering categories/edit.js.erb
  Rendered categories/_form.html.erb (10.2ms)
  Rendered categories/edit.js.erb (17.2ms)
Completed 500 Internal Server Error in 242ms (ActiveRecord: 0.3ms)


  
ActionView::Template::Error (First argument in form cannot contain nil or be empty):
    1: <div class="modal fade" tabindex="-1" role="dialog" id="expense-modal-form">
    2:   <div class="modal-dialog" role="document">
    3:     <div class="modal-content">
    4:       <%= form_for @category, remote: true do |f| %>
    5:       <div class="modal-header">
    6:         <button type="button" class="close" data-dismiss="modal" aria-label="Close">
    7:         <span aria-hidden="true">&times;</span></button>
  
app/views/categories/_form.html.erb:4:in `_app_views_categories__form_html_erb___3341586171695623840_70298901267800'
app/views/categories/edit.js.erb:1:in `_app_views_categories_edit_js_erb__3773361870002925528_70298587211960'
  Rendering /var/lib/gems/2.5.0/gems/actionpack-5.0.6/lib/action_dispatch/middleware/templates/rescues/template_error.text.erb
  Rendering /var/lib/gems/2.5.0/gems/actionpack-5.0.6/lib/action_dispatch/middleware/templates/rescues/_trace.text.erb
  Rendered /var/lib/gems/2.5.0/gems/actionpack-5.0.6/lib/action_dispatch/middleware/templates/rescues/_trace.text.erb (1.6ms)
  Rendering /var/lib/gems/2.5.0/gems/actionpack-5.0.6/lib/action_dispatch/middleware/templates/rescues/_request_and_response.text.erb
  Rendered /var/lib/gems/2.5.0/gems/actionpack-5.0.6/lib/action_dispatch/middleware/templates/rescues/_request_and_response.text.erb (1.7ms)
  Rendered /var/lib/gems/2.5.0/gems/actionpack-5.0.6/lib/action_dispatch/middleware/templates/rescues/template_error.text.erb (23.5ms)
Started GET "/categories/1/edit" for 127.0.0.1 at 2019-08-03 16:00:04 -0500
Processing by CategoriesController#edit as JS
  Parameters: {"id"=>"1"}
  [1m[36mCategory Load (0.2ms)[0m  [1m[34mSELECT  "categories".* FROM "categories" WHERE "categories"."id" = ? LIMIT ?[0m  [["id", 1], ["LIMIT", 1]]
  Rendering categories/edit.js.erb
  Rendered categories/_form.html.erb (10.7ms)
  Rendered categories/edit.js.erb (21.3ms)
Completed 500 Internal Server Error in 47ms (ActiveRecord: 0.2ms)


  
ActionView::Template::Error (First argument in form cannot contain nil or be empty):
    1: <div class="modal fade" tabindex="-1" role="dialog" id="expense-modal-form">
    2:   <div class="modal-dialog" role="document">
    3:     <div class="modal-content">
    4:       <%= form_for @category, remote: true do |f| %>
    5:       <div class="modal-header">
    6:         <button type="button" class="close" data-dismiss="modal" aria-label="Close">
    7:         <span aria-hidden="true">&times;</span></button>
  
app/views/categories/_form.html.erb:4:in `_app_views_categories__form_html_erb___3341586171695623840_70298905384360'
app/views/categories/edit.js.erb:1:in `_app_views_categories_edit_js_erb__3773361870002925528_70298905407740'
  Rendering /var/lib/gems/2.5.0/gems/actionpack-5.0.6/lib/action_dispatch/middleware/templates/rescues/template_error.text.erb
  Rendering /var/lib/gems/2.5.0/gems/actionpack-5.0.6/lib/action_dispatch/middleware/templates/rescues/_trace.text.erb
  Rendered /var/lib/gems/2.5.0/gems/actionpack-5.0.6/lib/action_dispatch/middleware/templates/rescues/_trace.text.erb (1.2ms)
  Rendering /var/lib/gems/2.5.0/gems/actionpack-5.0.6/lib/action_dispatch/middleware/templates/rescues/_request_and_response.text.erb
  Rendered /var/lib/gems/2.5.0/gems/actionpack-5.0.6/lib/action_dispatch/middleware/templates/rescues/_request_and_response.text.erb (1.7ms)
  Rendered /var/lib/gems/2.5.0/gems/actionpack-5.0.6/lib/action_dispatch/middleware/templates/rescues/template_error.text.erb (22.1ms)
Started GET "/categories" for 127.0.0.1 at 2019-08-03 16:00:40 -0500
Processing by CategoriesController#index as HTML
  Rendering categories/index.html.erb within layouts/application
  Rendered categories/index.html.erb within layouts/application (1.8ms)
Completed 500 Internal Server Error in 9ms (ActiveRecord: 0.0ms)


  
SyntaxError (/home/sebastian/Desktop/Make It Real/rails2/proyectoexpensify/app/views/categories/index.html.erb:20: syntax error, unexpected '='
...: "Confirmar Edición"}, class="glyphicon glyphicon-edit" );...
...                              ^):
  
app/views/categories/index.html.erb:20: syntax error, unexpected '='
  Rendering /var/lib/gems/2.5.0/gems/actionpack-5.0.6/lib/action_dispatch/middleware/templates/rescues/diagnostics.html.erb within rescues/layout
  Rendering /var/lib/gems/2.5.0/gems/actionpack-5.0.6/lib/action_dispatch/middleware/templates/rescues/_source.html.erb
  Rendered /var/lib/gems/2.5.0/gems/actionpack-5.0.6/lib/action_dispatch/middleware/templates/rescues/_source.html.erb (12.3ms)
  Rendering /var/lib/gems/2.5.0/gems/actionpack-5.0.6/lib/action_dispatch/middleware/templates/rescues/_trace.html.erb
  Rendered /var/lib/gems/2.5.0/gems/actionpack-5.0.6/lib/action_dispatch/middleware/templates/rescues/_trace.html.erb (4.6ms)
  Rendering /var/lib/gems/2.5.0/gems/actionpack-5.0.6/lib/action_dispatch/middleware/templates/rescues/_request_and_response.html.erb
  Rendered /var/lib/gems/2.5.0/gems/actionpack-5.0.6/lib/action_dispatch/middleware/templates/rescues/_request_and_response.html.erb (2.4ms)
  Rendered /var/lib/gems/2.5.0/gems/actionpack-5.0.6/lib/action_dispatch/middleware/templates/rescues/diagnostics.html.erb within rescues/layout (52.6ms)
Started GET "/categories" for 127.0.0.1 at 2019-08-03 16:01:11 -0500
Processing by CategoriesController#index as HTML
  Rendering categories/index.html.erb within layouts/application
  [1m[36mCategory Load (0.5ms)[0m  [1m[34mSELECT "categories".* FROM "categories"[0m
  Rendered categories/index.html.erb within layouts/application (4.1ms)
Completed 200 OK in 126ms (Views: 123.3ms | ActiveRecord: 0.5ms)


Started GET "/categories/1/edit" for 127.0.0.1 at 2019-08-03 16:01:14 -0500
Processing by CategoriesController#edit as JS
  Parameters: {"id"=>"1"}
  [1m[36mCategory Load (0.1ms)[0m  [1m[34mSELECT  "categories".* FROM "categories" WHERE "categories"."id" = ? LIMIT ?[0m  [["id", 1], ["LIMIT", 1]]
  Rendering categories/edit.js.erb
  Rendered categories/_form.html.erb (10.8ms)
  Rendered categories/edit.js.erb (21.4ms)
Completed 500 Internal Server Error in 41ms (ActiveRecord: 0.1ms)


  
ActionView::Template::Error (First argument in form cannot contain nil or be empty):
    1: <div class="modal fade" tabindex="-1" role="dialog" id="expense-modal-form">
    2:   <div class="modal-dialog" role="document">
    3:     <div class="modal-content">
    4:       <%= form_for @category, remote: true do |f| %>
    5:       <div class="modal-header">
    6:         <button type="button" class="close" data-dismiss="modal" aria-label="Close">
    7:         <span aria-hidden="true">&times;</span></button>
  
app/views/categories/_form.html.erb:4:in `_app_views_categories__form_html_erb___3341586171695623840_70298684115180'
app/views/categories/edit.js.erb:1:in `_app_views_categories_edit_js_erb__3773361870002925528_70298684163820'
  Rendering /var/lib/gems/2.5.0/gems/actionpack-5.0.6/lib/action_dispatch/middleware/templates/rescues/template_error.text.erb
  Rendering /var/lib/gems/2.5.0/gems/actionpack-5.0.6/lib/action_dispatch/middleware/templates/rescues/_trace.text.erb
  Rendered /var/lib/gems/2.5.0/gems/actionpack-5.0.6/lib/action_dispatch/middleware/templates/rescues/_trace.text.erb (1.2ms)
  Rendering /var/lib/gems/2.5.0/gems/actionpack-5.0.6/lib/action_dispatch/middleware/templates/rescues/_request_and_response.text.erb
  Rendered /var/lib/gems/2.5.0/gems/actionpack-5.0.6/lib/action_dispatch/middleware/templates/rescues/_request_and_response.text.erb (1.3ms)
  Rendered /var/lib/gems/2.5.0/gems/actionpack-5.0.6/lib/action_dispatch/middleware/templates/rescues/template_error.text.erb (19.1ms)
Started GET "/categories/1/edit" for 127.0.0.1 at 2019-08-03 16:02:05 -0500
Processing by CategoriesController#edit as JS
  Parameters: {"id"=>"1"}
  [1m[36mCategory Load (0.2ms)[0m  [1m[34mSELECT  "categories".* FROM "categories" WHERE "categories"."id" = ? LIMIT ?[0m  [["id", 1], ["LIMIT", 1]]
  Rendering categories/edit.js.erb
  Rendered categories/_form.html.erb (9.5ms)
  Rendered categories/edit.js.erb (18.7ms)
Completed 500 Internal Server Error in 42ms (ActiveRecord: 0.2ms)


  
ActionView::Template::Error (First argument in form cannot contain nil or be empty):
    1: <div class="modal fade" tabindex="-1" role="dialog" id="expense-modal-form">
    2:   <div class="modal-dialog" role="document">
    3:     <div class="modal-content">
    4:       <%= form_for @category, remote: true do |f| %>
    5:       <div class="modal-header">
    6:         <button type="button" class="close" data-dismiss="modal" aria-label="Close">
    7:         <span aria-hidden="true">&times;</span></button>
  
app/views/categories/_form.html.erb:4:in `_app_views_categories__form_html_erb___3341586171695623840_70298953098600'
app/views/categories/edit.js.erb:1:in `_app_views_categories_edit_js_erb__3773361870002925528_70298953176900'
  Rendering /var/lib/gems/2.5.0/gems/actionpack-5.0.6/lib/action_dispatch/middleware/templates/rescues/template_error.text.erb
  Rendering /var/lib/gems/2.5.0/gems/actionpack-5.0.6/lib/action_dispatch/middleware/templates/rescues/_trace.text.erb
  Rendered /var/lib/gems/2.5.0/gems/actionpack-5.0.6/lib/action_dispatch/middleware/templates/rescues/_trace.text.erb (1.4ms)
  Rendering /var/lib/gems/2.5.0/gems/actionpack-5.0.6/lib/action_dispatch/middleware/templates/rescues/_request_and_response.text.erb
  Rendered /var/lib/gems/2.5.0/gems/actionpack-5.0.6/lib/action_dispatch/middleware/templates/rescues/_request_and_response.text.erb (1.6ms)
  Rendered /var/lib/gems/2.5.0/gems/actionpack-5.0.6/lib/action_dispatch/middleware/templates/rescues/template_error.text.erb (22.7ms)
Started GET "/categories" for 127.0.0.1 at 2019-08-03 16:05:14 -0500
Processing by CategoriesController#index as HTML
  Rendering categories/index.html.erb within layouts/application
  [1m[36mCategory Load (0.2ms)[0m  [1m[34mSELECT "categories".* FROM "categories"[0m
  Rendered categories/index.html.erb within layouts/application (2.8ms)
Completed 200 OK in 105ms (Views: 102.2ms | ActiveRecord: 0.2ms)


Started GET "/categories" for 127.0.0.1 at 2019-08-03 16:05:15 -0500
Processing by CategoriesController#index as HTML
  Rendering categories/index.html.erb within layouts/application
  [1m[36mCategory Load (0.3ms)[0m  [1m[34mSELECT "categories".* FROM "categories"[0m
  Rendered categories/index.html.erb within layouts/application (3.4ms)
Completed 200 OK in 122ms (Views: 118.6ms | ActiveRecord: 0.3ms)


Started GET "/categories/1/edit" for 127.0.0.1 at 2019-08-03 16:05:18 -0500
Processing by CategoriesController#edit as JS
  Parameters: {"id"=>"1"}
  [1m[36mCategory Load (0.2ms)[0m  [1m[34mSELECT  "categories".* FROM "categories" WHERE "categories"."id" = ? LIMIT ?[0m  [["id", 1], ["LIMIT", 1]]
  Rendering categories/edit.js.erb
  Rendered categories/_form.html.erb (8.5ms)
  Rendered categories/edit.js.erb (16.3ms)
Completed 500 Internal Server Error in 34ms (ActiveRecord: 0.2ms)


  
ActionView::Template::Error (First argument in form cannot contain nil or be empty):
    1: <div class="modal fade" tabindex="-1" role="dialog" id="expense-modal-form">
    2:   <div class="modal-dialog" role="document">
    3:     <div class="modal-content">
    4:       <%= form_for @category, remote: true do |f| %>
    5:       <div class="modal-header">
    6:         <button type="button" class="close" data-dismiss="modal" aria-label="Close">
    7:         <span aria-hidden="true">&times;</span></button>
  
app/views/categories/_form.html.erb:4:in `_app_views_categories__form_html_erb___3341586171695623840_70298904398620'
app/views/categories/edit.js.erb:1:in `_app_views_categories_edit_js_erb__3773361870002925528_70298904421800'
  Rendering /var/lib/gems/2.5.0/gems/actionpack-5.0.6/lib/action_dispatch/middleware/templates/rescues/template_error.text.erb
  Rendering /var/lib/gems/2.5.0/gems/actionpack-5.0.6/lib/action_dispatch/middleware/templates/rescues/_trace.text.erb
  Rendered /var/lib/gems/2.5.0/gems/actionpack-5.0.6/lib/action_dispatch/middleware/templates/rescues/_trace.text.erb (3.5ms)
  Rendering /var/lib/gems/2.5.0/gems/actionpack-5.0.6/lib/action_dispatch/middleware/templates/rescues/_request_and_response.text.erb
  Rendered /var/lib/gems/2.5.0/gems/actionpack-5.0.6/lib/action_dispatch/middleware/templates/rescues/_request_and_response.text.erb (1.8ms)
  Rendered /var/lib/gems/2.5.0/gems/actionpack-5.0.6/lib/action_dispatch/middleware/templates/rescues/template_error.text.erb (24.3ms)
Started GET "/categories/1/edit" for 127.0.0.1 at 2019-08-03 16:05:19 -0500
Processing by CategoriesController#edit as JS
  Parameters: {"id"=>"1"}
  [1m[36mCategory Load (0.2ms)[0m  [1m[34mSELECT  "categories".* FROM "categories" WHERE "categories"."id" = ? LIMIT ?[0m  [["id", 1], ["LIMIT", 1]]
  Rendering categories/edit.js.erb
  Rendered categories/_form.html.erb (8.8ms)
  Rendered categories/edit.js.erb (16.8ms)
Completed 500 Internal Server Error in 35ms (ActiveRecord: 0.2ms)


  
ActionView::Template::Error (First argument in form cannot contain nil or be empty):
    1: <div class="modal fade" tabindex="-1" role="dialog" id="expense-modal-form">
    2:   <div class="modal-dialog" role="document">
    3:     <div class="modal-content">
    4:       <%= form_for @category, remote: true do |f| %>
    5:       <div class="modal-header">
    6:         <button type="button" class="close" data-dismiss="modal" aria-label="Close">
    7:         <span aria-hidden="true">&times;</span></button>
  
app/views/categories/_form.html.erb:4:in `_app_views_categories__form_html_erb___3341586171695623840_70298896919320'
app/views/categories/edit.js.erb:1:in `_app_views_categories_edit_js_erb__3773361870002925528_70298896952100'
  Rendering /var/lib/gems/2.5.0/gems/actionpack-5.0.6/lib/action_dispatch/middleware/templates/rescues/template_error.text.erb
  Rendering /var/lib/gems/2.5.0/gems/actionpack-5.0.6/lib/action_dispatch/middleware/templates/rescues/_trace.text.erb
  Rendered /var/lib/gems/2.5.0/gems/actionpack-5.0.6/lib/action_dispatch/middleware/templates/rescues/_trace.text.erb (2.2ms)
  Rendering /var/lib/gems/2.5.0/gems/actionpack-5.0.6/lib/action_dispatch/middleware/templates/rescues/_request_and_response.text.erb
  Rendered /var/lib/gems/2.5.0/gems/actionpack-5.0.6/lib/action_dispatch/middleware/templates/rescues/_request_and_response.text.erb (1.6ms)
  Rendered /var/lib/gems/2.5.0/gems/actionpack-5.0.6/lib/action_dispatch/middleware/templates/rescues/template_error.text.erb (23.1ms)
Started GET "/categories/1/edit" for 127.0.0.1 at 2019-08-03 16:05:23 -0500
Processing by CategoriesController#edit as JS
  Parameters: {"id"=>"1"}
  [1m[36mCategory Load (0.2ms)[0m  [1m[34mSELECT  "categories".* FROM "categories" WHERE "categories"."id" = ? LIMIT ?[0m  [["id", 1], ["LIMIT", 1]]
  Rendering categories/edit.js.erb
  Rendered categories/_form.html.erb (8.4ms)
  Rendered categories/edit.js.erb (17.4ms)
Completed 500 Internal Server Error in 37ms (ActiveRecord: 0.2ms)


  
ActionView::Template::Error (First argument in form cannot contain nil or be empty):
    1: <div class="modal fade" tabindex="-1" role="dialog" id="expense-modal-form">
    2:   <div class="modal-dialog" role="document">
    3:     <div class="modal-content">
    4:       <%= form_for @category, remote: true do |f| %>
    5:       <div class="modal-header">
    6:         <button type="button" class="close" data-dismiss="modal" aria-label="Close">
    7:         <span aria-hidden="true">&times;</span></button>
  
app/views/categories/_form.html.erb:4:in `_app_views_categories__form_html_erb___3341586171695623840_70298684345780'
app/views/categories/edit.js.erb:1:in `_app_views_categories_edit_js_erb__3773361870002925528_70298684395980'
  Rendering /var/lib/gems/2.5.0/gems/actionpack-5.0.6/lib/action_dispatch/middleware/templates/rescues/template_error.text.erb
  Rendering /var/lib/gems/2.5.0/gems/actionpack-5.0.6/lib/action_dispatch/middleware/templates/rescues/_trace.text.erb
  Rendered /var/lib/gems/2.5.0/gems/actionpack-5.0.6/lib/action_dispatch/middleware/templates/rescues/_trace.text.erb (1.7ms)
  Rendering /var/lib/gems/2.5.0/gems/actionpack-5.0.6/lib/action_dispatch/middleware/templates/rescues/_request_and_response.text.erb
  Rendered /var/lib/gems/2.5.0/gems/actionpack-5.0.6/lib/action_dispatch/middleware/templates/rescues/_request_and_response.text.erb (2.1ms)
  Rendered /var/lib/gems/2.5.0/gems/actionpack-5.0.6/lib/action_dispatch/middleware/templates/rescues/template_error.text.erb (22.7ms)
Started GET "/categories/1/edit" for 127.0.0.1 at 2019-08-03 16:05:24 -0500
Processing by CategoriesController#edit as JS
  Parameters: {"id"=>"1"}
  [1m[36mCategory Load (0.2ms)[0m  [1m[34mSELECT  "categories".* FROM "categories" WHERE "categories"."id" = ? LIMIT ?[0m  [["id", 1], ["LIMIT", 1]]
  Rendering categories/edit.js.erb
  Rendered categories/_form.html.erb (7.5ms)
  Rendered categories/edit.js.erb (15.3ms)
Completed 500 Internal Server Error in 33ms (ActiveRecord: 0.2ms)


  
ActionView::Template::Error (First argument in form cannot contain nil or be empty):
    1: <div class="modal fade" tabindex="-1" role="dialog" id="expense-modal-form">
    2:   <div class="modal-dialog" role="document">
    3:     <div class="modal-content">
    4:       <%= form_for @category, remote: true do |f| %>
    5:       <div class="modal-header">
    6:         <button type="button" class="close" data-dismiss="modal" aria-label="Close">
    7:         <span aria-hidden="true">&times;</span></button>
  
app/views/categories/_form.html.erb:4:in `_app_views_categories__form_html_erb___3341586171695623840_70298953416460'
app/views/categories/edit.js.erb:1:in `_app_views_categories_edit_js_erb__3773361870002925528_70298953494260'
  Rendering /var/lib/gems/2.5.0/gems/actionpack-5.0.6/lib/action_dispatch/middleware/templates/rescues/template_error.text.erb
  Rendering /var/lib/gems/2.5.0/gems/actionpack-5.0.6/lib/action_dispatch/middleware/templates/rescues/_trace.text.erb
  Rendered /var/lib/gems/2.5.0/gems/actionpack-5.0.6/lib/action_dispatch/middleware/templates/rescues/_trace.text.erb (1.5ms)
  Rendering /var/lib/gems/2.5.0/gems/actionpack-5.0.6/lib/action_dispatch/middleware/templates/rescues/_request_and_response.text.erb
  Rendered /var/lib/gems/2.5.0/gems/actionpack-5.0.6/lib/action_dispatch/middleware/templates/rescues/_request_and_response.text.erb (1.6ms)
  Rendered /var/lib/gems/2.5.0/gems/actionpack-5.0.6/lib/action_dispatch/middleware/templates/rescues/template_error.text.erb (19.1ms)
Started GET "/categories" for 127.0.0.1 at 2019-08-03 16:05:52 -0500
Processing by CategoriesController#index as HTML
  Rendering categories/index.html.erb within layouts/application
  [1m[36mCategory Load (0.6ms)[0m  [1m[34mSELECT "categories".* FROM "categories"[0m
  Rendered categories/index.html.erb within layouts/application (9.4ms)
Completed 200 OK in 133ms (Views: 125.9ms | ActiveRecord: 1.3ms)


Started GET "/categories/1/edit" for 127.0.0.1 at 2019-08-03 16:05:54 -0500
Processing by CategoriesController#edit as JS
  Parameters: {"id"=>"1"}
  [1m[36mCategory Load (0.2ms)[0m  [1m[34mSELECT  "categories".* FROM "categories" WHERE "categories"."id" = ? LIMIT ?[0m  [["id", 1], ["LIMIT", 1]]
  Rendering categories/edit.js.erb
  Rendered categories/_form.html.erb (4.8ms)
  Rendered categories/edit.js.erb (13.5ms)
Completed 200 OK in 33ms (Views: 24.0ms | ActiveRecord: 0.2ms)


Started PATCH "/categories/1" for 127.0.0.1 at 2019-08-03 16:06:04 -0500
  
AbstractController::ActionNotFound (The action 'update' could not be found for CategoriesController):
  
actionpack (5.0.6) lib/abstract_controller/base.rb:121:in `process'
actionview (5.0.6) lib/action_view/rendering.rb:30:in `process'
actionpack (5.0.6) lib/action_controller/metal.rb:190:in `dispatch'
actionpack (5.0.6) lib/action_controller/metal.rb:262:in `dispatch'
actionpack (5.0.6) lib/action_dispatch/routing/route_set.rb:50:in `dispatch'
actionpack (5.0.6) lib/action_dispatch/routing/route_set.rb:32:in `serve'
actionpack (5.0.6) lib/action_dispatch/journey/router.rb:39:in `block in serve'
actionpack (5.0.6) lib/action_dispatch/journey/router.rb:26:in `each'
actionpack (5.0.6) lib/action_dispatch/journey/router.rb:26:in `serve'
actionpack (5.0.6) lib/action_dispatch/routing/route_set.rb:727:in `call'
warden (1.2.7) lib/warden/manager.rb:36:in `block in call'
warden (1.2.7) lib/warden/manager.rb:35:in `catch'
warden (1.2.7) lib/warden/manager.rb:35:in `call'
rack (2.0.4) lib/rack/etag.rb:25:in `call'
rack (2.0.4) lib/rack/conditional_get.rb:38:in `call'
rack (2.0.4) lib/rack/head.rb:12:in `call'
rack (2.0.4) lib/rack/session/abstract/id.rb:232:in `context'
rack (2.0.4) lib/rack/session/abstract/id.rb:226:in `call'
actionpack (5.0.6) lib/action_dispatch/middleware/cookies.rb:613:in `call'
activerecord (5.0.6) lib/active_record/migration.rb:553:in `call'
actionpack (5.0.6) lib/action_dispatch/middleware/callbacks.rb:38:in `block in call'
activesupport (5.0.6) lib/active_support/callbacks.rb:97:in `__run_callbacks__'
activesupport (5.0.6) lib/active_support/callbacks.rb:750:in `_run_call_callbacks'
activesupport (5.0.6) lib/active_support/callbacks.rb:90:in `run_callbacks'
actionpack (5.0.6) lib/action_dispatch/middleware/callbacks.rb:36:in `call'
actionpack (5.0.6) lib/action_dispatch/middleware/executor.rb:12:in `call'
actionpack (5.0.6) lib/action_dispatch/middleware/remote_ip.rb:79:in `call'
actionpack (5.0.6) lib/action_dispatch/middleware/debug_exceptions.rb:49:in `call'
web-console (3.5.1) lib/web_console/middleware.rb:135:in `call_app'
web-console (3.5.1) lib/web_console/middleware.rb:28:in `block in call'
web-console (3.5.1) lib/web_console/middleware.rb:18:in `catch'
web-console (3.5.1) lib/web_console/middleware.rb:18:in `call'
actionpack (5.0.6) lib/action_dispatch/middleware/show_exceptions.rb:31:in `call'
railties (5.0.6) lib/rails/rack/logger.rb:36:in `call_app'
railties (5.0.6) lib/rails/rack/logger.rb:24:in `block in call'
activesupport (5.0.6) lib/active_support/tagged_logging.rb:69:in `block in tagged'
activesupport (5.0.6) lib/active_support/tagged_logging.rb:26:in `tagged'
activesupport (5.0.6) lib/active_support/tagged_logging.rb:69:in `tagged'
railties (5.0.6) lib/rails/rack/logger.rb:24:in `call'
actionpack (5.0.6) lib/action_dispatch/middleware/request_id.rb:24:in `call'
rack (2.0.4) lib/rack/method_override.rb:22:in `call'
rack (2.0.4) lib/rack/runtime.rb:22:in `call'
activesupport (5.0.6) lib/active_support/cache/strategy/local_cache_middleware.rb:28:in `call'
actionpack (5.0.6) lib/action_dispatch/middleware/executor.rb:12:in `call'
actionpack (5.0.6) lib/action_dispatch/middleware/static.rb:136:in `call'
rack (2.0.4) lib/rack/sendfile.rb:111:in `call'
railties (5.0.6) lib/rails/engine.rb:522:in `call'
puma (3.11.3) lib/puma/configuration.rb:225:in `call'
puma (3.11.3) lib/puma/server.rb:624:in `handle_request'
puma (3.11.3) lib/puma/server.rb:438:in `process_client'
puma (3.11.3) lib/puma/server.rb:302:in `block in run'
puma (3.11.3) lib/puma/thread_pool.rb:120:in `block in spawn_thread'
  Rendering /var/lib/gems/2.5.0/gems/actionpack-5.0.6/lib/action_dispatch/middleware/templates/rescues/unknown_action.text.erb
  Rendered /var/lib/gems/2.5.0/gems/actionpack-5.0.6/lib/action_dispatch/middleware/templates/rescues/unknown_action.text.erb (0.7ms)
Started GET "/categories" for 127.0.0.1 at 2019-08-03 16:08:40 -0500
Processing by CategoriesController#index as HTML
  Rendering categories/index.html.erb within layouts/application
  [1m[36mCategory Load (0.8ms)[0m  [1m[34mSELECT "categories".* FROM "categories"[0m
  Rendered categories/index.html.erb within layouts/application (15.0ms)
Completed 200 OK in 196ms (Views: 166.1ms | ActiveRecord: 1.7ms)


Started GET "/categories/1/edit" for 127.0.0.1 at 2019-08-03 16:08:43 -0500
Processing by CategoriesController#edit as JS
  Parameters: {"id"=>"1"}
  [1m[36mCategory Load (0.2ms)[0m  [1m[34mSELECT  "categories".* FROM "categories" WHERE "categories"."id" = ? LIMIT ?[0m  [["id", 1], ["LIMIT", 1]]
  Rendering categories/edit.js.erb
  Rendered categories/_form.html.erb (4.7ms)
  Rendered categories/edit.js.erb (13.1ms)
Completed 200 OK in 32ms (Views: 23.1ms | ActiveRecord: 0.2ms)


Started PATCH "/categories/1" for 127.0.0.1 at 2019-08-03 16:08:46 -0500
Processing by CategoriesController#update as JS
  Parameters: {"utf8"=>"✓", "category"=>{"name"=>"Cuota Casa2"}, "commit"=>"Editar Categoria", "id"=>"1"}
  [1m[36mCategory Load (0.3ms)[0m  [1m[34mSELECT  "categories".* FROM "categories" WHERE "categories"."id" = ? LIMIT ?[0m  [["id", 1], ["LIMIT", 1]]
  [1m[35m (0.2ms)[0m  [1m[36mbegin transaction[0m
  [1m[35mSQL (164.9ms)[0m  [1m[33mUPDATE "categories" SET "name" = ?, "updated_at" = ? WHERE "categories"."id" = ?[0m  [["name", "Cuota Casa2"], ["updated_at", "2019-08-03 21:08:46.447653"], ["id", 1]]
  [1m[35m (137.6ms)[0m  [1m[36mcommit transaction[0m
Redirected to http://localhost:3000/categories
Completed 200 OK in 355ms (ActiveRecord: 302.9ms)


Started GET "/categories" for 127.0.0.1 at 2019-08-03 16:08:46 -0500
Processing by CategoriesController#index as HTML
  Rendering categories/index.html.erb within layouts/application
  [1m[36mCategory Load (0.3ms)[0m  [1m[34mSELECT "categories".* FROM "categories"[0m
  Rendered categories/index.html.erb within layouts/application (3.4ms)
Completed 200 OK in 117ms (Views: 114.3ms | ActiveRecord: 0.3ms)


Started GET "/categories/1/edit" for 127.0.0.1 at 2019-08-03 16:11:42 -0500
Processing by CategoriesController#edit as JS
  Parameters: {"id"=>"1"}
  [1m[36mCategory Load (0.4ms)[0m  [1m[34mSELECT  "categories".* FROM "categories" WHERE "categories"."id" = ? LIMIT ?[0m  [["id", 1], ["LIMIT", 1]]
  Rendering categories/edit.js.erb
  Rendered categories/_form.html.erb (5.2ms)
  Rendered categories/edit.js.erb (13.9ms)
Completed 200 OK in 47ms (Views: 26.2ms | ActiveRecord: 1.5ms)


Started PATCH "/categories/1" for 127.0.0.1 at 2019-08-03 16:11:47 -0500
Processing by CategoriesController#update as JS
  Parameters: {"utf8"=>"✓", "category"=>{"name"=>"Cuota Casa1"}, "commit"=>"Editar Categoria", "id"=>"1"}
  [1m[36mCategory Load (0.2ms)[0m  [1m[34mSELECT  "categories".* FROM "categories" WHERE "categories"."id" = ? LIMIT ?[0m  [["id", 1], ["LIMIT", 1]]
  [1m[35m (0.1ms)[0m  [1m[36mbegin transaction[0m
  [1m[35mSQL (0.5ms)[0m  [1m[33mUPDATE "categories" SET "name" = ?, "updated_at" = ? WHERE "categories"."id" = ?[0m  [["name", "Cuota Casa1"], ["updated_at", "2019-08-03 21:11:47.213061"], ["id", 1]]
  [1m[35m (265.2ms)[0m  [1m[36mcommit transaction[0m
Redirected to http://localhost:3000/categories
Completed 200 OK in 278ms (ActiveRecord: 266.0ms)


Started GET "/categories" for 127.0.0.1 at 2019-08-03 16:11:47 -0500
Processing by CategoriesController#index as HTML
  Rendering categories/index.html.erb within layouts/application
  [1m[36mCategory Load (0.4ms)[0m  [1m[34mSELECT "categories".* FROM "categories"[0m
  Rendered categories/index.html.erb within layouts/application (4.2ms)
Completed 200 OK in 115ms (Views: 112.7ms | ActiveRecord: 0.4ms)


Started GET "/categories" for 127.0.0.1 at 2019-08-03 16:18:10 -0500
Processing by CategoriesController#index as HTML
  Rendering categories/index.html.erb within layouts/application
  [1m[36mCategory Load (0.4ms)[0m  [1m[34mSELECT "categories".* FROM "categories"[0m
  Rendered categories/index.html.erb within layouts/application (12.8ms)
Completed 200 OK in 129ms (Views: 122.2ms | ActiveRecord: 1.4ms)


Started GET "/categories/1/edit" for 127.0.0.1 at 2019-08-03 16:18:12 -0500
Processing by CategoriesController#edit as JS
  Parameters: {"id"=>"1"}
  [1m[36mCategory Load (0.5ms)[0m  [1m[34mSELECT  "categories".* FROM "categories" WHERE "categories"."id" = ? LIMIT ?[0m  [["id", 1], ["LIMIT", 1]]
  Rendering categories/edit.js.erb
  Rendered categories/_form.html.erb (3.8ms)
  Rendered categories/edit.js.erb (11.2ms)
Completed 200 OK in 35ms (Views: 20.8ms | ActiveRecord: 0.5ms)


Started GET "/categories" for 127.0.0.1 at 2019-08-03 16:23:18 -0500
Processing by CategoriesController#index as HTML
  Rendering categories/index.html.erb within layouts/application
  Rendered categories/index.html.erb within layouts/application (1.8ms)
Completed 500 Internal Server Error in 8ms (ActiveRecord: 0.0ms)


  
SyntaxError (/home/sebastian/Desktop/Make It Real/rails2/proyectoexpensify/app/views/categories/index.html.erb:21: syntax error, unexpected keyword_class, expecting ')'
...ea Eliminar la Category"} class:"glyphicon glyphicon-trash" ...
...                          ^~~~~
/home/sebastian/Desktop/Make It Real/rails2/proyectoexpensify/app/views/categories/index.html.erb:21: syntax error, unexpected ')', expecting &. or :: or '[' or '.'
...s:"glyphicon glyphicon-trash" );@output_buffer.safe_append='
...                              ^
/home/sebastian/Desktop/Make It Real/rails2/proyectoexpensify/app/views/categories/index.html.erb:25: syntax error, unexpected keyword_end, expecting ')'
'.freeze;                   end 
                            ^~~
/home/sebastian/Desktop/Make It Real/rails2/proyectoexpensify/app/views/categories/index.html.erb:31: syntax error, unexpected keyword_ensure, expecting ')'
          ensure
          ^~~~~~
/home/sebastian/Desktop/Make It Real/rails2/proyectoexpensify/app/views/categories/index.html.erb:33: syntax error, unexpected keyword_end, expecting ')'
          end
          ^~~):
  
app/views/categories/index.html.erb:21: syntax error, unexpected keyword_class, expecting ')'
app/views/categories/index.html.erb:21: syntax error, unexpected ')', expecting &. or :: or '[' or '.'
app/views/categories/index.html.erb:25: syntax error, unexpected keyword_end, expecting ')'
app/views/categories/index.html.erb:31: syntax error, unexpected keyword_ensure, expecting ')'
app/views/categories/index.html.erb:33: syntax error, unexpected keyword_end, expecting ')'
  Rendering /var/lib/gems/2.5.0/gems/actionpack-5.0.6/lib/action_dispatch/middleware/templates/rescues/diagnostics.html.erb within rescues/layout
  Rendering /var/lib/gems/2.5.0/gems/actionpack-5.0.6/lib/action_dispatch/middleware/templates/rescues/_source.html.erb
  Rendered /var/lib/gems/2.5.0/gems/actionpack-5.0.6/lib/action_dispatch/middleware/templates/rescues/_source.html.erb (9.5ms)
  Rendering /var/lib/gems/2.5.0/gems/actionpack-5.0.6/lib/action_dispatch/middleware/templates/rescues/_trace.html.erb
  Rendered /var/lib/gems/2.5.0/gems/actionpack-5.0.6/lib/action_dispatch/middleware/templates/rescues/_trace.html.erb (5.2ms)
  Rendering /var/lib/gems/2.5.0/gems/actionpack-5.0.6/lib/action_dispatch/middleware/templates/rescues/_request_and_response.html.erb
  Rendered /var/lib/gems/2.5.0/gems/actionpack-5.0.6/lib/action_dispatch/middleware/templates/rescues/_request_and_response.html.erb (1.3ms)
  Rendered /var/lib/gems/2.5.0/gems/actionpack-5.0.6/lib/action_dispatch/middleware/templates/rescues/diagnostics.html.erb within rescues/layout (47.6ms)
Started GET "/categories" for 127.0.0.1 at 2019-08-03 16:23:53 -0500
Processing by CategoriesController#index as HTML
  Rendering categories/index.html.erb within layouts/application
  Rendered categories/index.html.erb within layouts/application (1.8ms)
Completed 500 Internal Server Error in 8ms (ActiveRecord: 0.0ms)


  
SyntaxError (/home/sebastian/Desktop/Make It Real/rails2/proyectoexpensify/app/views/categories/index.html.erb:21: syntax error, unexpected keyword_class, expecting ')'
...ea Eliminar la Category"} class:"glyphicon glyphicon-trash" ...
...                          ^~~~~
/home/sebastian/Desktop/Make It Real/rails2/proyectoexpensify/app/views/categories/index.html.erb:21: syntax error, unexpected ')', expecting &. or :: or '[' or '.'
...s:"glyphicon glyphicon-trash" );@output_buffer.safe_append='
...                              ^
/home/sebastian/Desktop/Make It Real/rails2/proyectoexpensify/app/views/categories/index.html.erb:25: syntax error, unexpected keyword_end, expecting ')'
'.freeze;                   end 
                            ^~~
/home/sebastian/Desktop/Make It Real/rails2/proyectoexpensify/app/views/categories/index.html.erb:31: syntax error, unexpected keyword_ensure, expecting ')'
          ensure
          ^~~~~~
/home/sebastian/Desktop/Make It Real/rails2/proyectoexpensify/app/views/categories/index.html.erb:33: syntax error, unexpected keyword_end, expecting ')'
          end
          ^~~):
  
app/views/categories/index.html.erb:21: syntax error, unexpected keyword_class, expecting ')'
app/views/categories/index.html.erb:21: syntax error, unexpected ')', expecting &. or :: or '[' or '.'
app/views/categories/index.html.erb:25: syntax error, unexpected keyword_end, expecting ')'
app/views/categories/index.html.erb:31: syntax error, unexpected keyword_ensure, expecting ')'
app/views/categories/index.html.erb:33: syntax error, unexpected keyword_end, expecting ')'
  Rendering /var/lib/gems/2.5.0/gems/actionpack-5.0.6/lib/action_dispatch/middleware/templates/rescues/diagnostics.html.erb within rescues/layout
  Rendering /var/lib/gems/2.5.0/gems/actionpack-5.0.6/lib/action_dispatch/middleware/templates/rescues/_source.html.erb
  Rendered /var/lib/gems/2.5.0/gems/actionpack-5.0.6/lib/action_dispatch/middleware/templates/rescues/_source.html.erb (11.2ms)
  Rendering /var/lib/gems/2.5.0/gems/actionpack-5.0.6/lib/action_dispatch/middleware/templates/rescues/_trace.html.erb
  Rendered /var/lib/gems/2.5.0/gems/actionpack-5.0.6/lib/action_dispatch/middleware/templates/rescues/_trace.html.erb (7.0ms)
  Rendering /var/lib/gems/2.5.0/gems/actionpack-5.0.6/lib/action_dispatch/middleware/templates/rescues/_request_and_response.html.erb
  Rendered /var/lib/gems/2.5.0/gems/actionpack-5.0.6/lib/action_dispatch/middleware/templates/rescues/_request_and_response.html.erb (2.0ms)
  Rendered /var/lib/gems/2.5.0/gems/actionpack-5.0.6/lib/action_dispatch/middleware/templates/rescues/diagnostics.html.erb within rescues/layout (47.7ms)
Started GET "/categories" for 127.0.0.1 at 2019-08-03 16:23:54 -0500
Processing by CategoriesController#index as HTML
  Rendering categories/index.html.erb within layouts/application
  Rendered categories/index.html.erb within layouts/application (2.0ms)
Completed 500 Internal Server Error in 8ms (ActiveRecord: 0.0ms)


  
SyntaxError (/home/sebastian/Desktop/Make It Real/rails2/proyectoexpensify/app/views/categories/index.html.erb:21: syntax error, unexpected keyword_class, expecting ')'
...ea Eliminar la Category"} class:"glyphicon glyphicon-trash" ...
...                          ^~~~~
/home/sebastian/Desktop/Make It Real/rails2/proyectoexpensify/app/views/categories/index.html.erb:21: syntax error, unexpected ')', expecting &. or :: or '[' or '.'
...s:"glyphicon glyphicon-trash" );@output_buffer.safe_append='
...                              ^
/home/sebastian/Desktop/Make It Real/rails2/proyectoexpensify/app/views/categories/index.html.erb:25: syntax error, unexpected keyword_end, expecting ')'
'.freeze;                   end 
                            ^~~
/home/sebastian/Desktop/Make It Real/rails2/proyectoexpensify/app/views/categories/index.html.erb:31: syntax error, unexpected keyword_ensure, expecting ')'
          ensure
          ^~~~~~
/home/sebastian/Desktop/Make It Real/rails2/proyectoexpensify/app/views/categories/index.html.erb:33: syntax error, unexpected keyword_end, expecting ')'
          end
          ^~~):
  
app/views/categories/index.html.erb:21: syntax error, unexpected keyword_class, expecting ')'
app/views/categories/index.html.erb:21: syntax error, unexpected ')', expecting &. or :: or '[' or '.'
app/views/categories/index.html.erb:25: syntax error, unexpected keyword_end, expecting ')'
app/views/categories/index.html.erb:31: syntax error, unexpected keyword_ensure, expecting ')'
app/views/categories/index.html.erb:33: syntax error, unexpected keyword_end, expecting ')'
  Rendering /var/lib/gems/2.5.0/gems/actionpack-5.0.6/lib/action_dispatch/middleware/templates/rescues/diagnostics.html.erb within rescues/layout
  Rendering /var/lib/gems/2.5.0/gems/actionpack-5.0.6/lib/action_dispatch/middleware/templates/rescues/_source.html.erb
  Rendered /var/lib/gems/2.5.0/gems/actionpack-5.0.6/lib/action_dispatch/middleware/templates/rescues/_source.html.erb (12.1ms)
  Rendering /var/lib/gems/2.5.0/gems/actionpack-5.0.6/lib/action_dispatch/middleware/templates/rescues/_trace.html.erb
  Rendered /var/lib/gems/2.5.0/gems/actionpack-5.0.6/lib/action_dispatch/middleware/templates/rescues/_trace.html.erb (5.2ms)
  Rendering /var/lib/gems/2.5.0/gems/actionpack-5.0.6/lib/action_dispatch/middleware/templates/rescues/_request_and_response.html.erb
  Rendered /var/lib/gems/2.5.0/gems/actionpack-5.0.6/lib/action_dispatch/middleware/templates/rescues/_request_and_response.html.erb (1.3ms)
  Rendered /var/lib/gems/2.5.0/gems/actionpack-5.0.6/lib/action_dispatch/middleware/templates/rescues/diagnostics.html.erb within rescues/layout (50.6ms)
Started GET "/categories" for 127.0.0.1 at 2019-08-03 16:24:32 -0500
Processing by CategoriesController#index as HTML
  Rendering categories/index.html.erb within layouts/application
  Rendered categories/index.html.erb within layouts/application (1.8ms)
Completed 500 Internal Server Error in 9ms (ActiveRecord: 0.0ms)


  
SyntaxError (/home/sebastian/Desktop/Make It Real/rails2/proyectoexpensify/app/views/categories/index.html.erb:21: syntax error, unexpected keyword_class, expecting ')'
...ea Eliminar la Category"} class:"glyphicon glyphicon-trash" ...
...                          ^~~~~
/home/sebastian/Desktop/Make It Real/rails2/proyectoexpensify/app/views/categories/index.html.erb:21: syntax error, unexpected ')', expecting &. or :: or '[' or '.'
...s:"glyphicon glyphicon-trash" );@output_buffer.safe_append='
...                              ^
/home/sebastian/Desktop/Make It Real/rails2/proyectoexpensify/app/views/categories/index.html.erb:25: syntax error, unexpected keyword_end, expecting ')'
'.freeze;                   end 
                            ^~~
/home/sebastian/Desktop/Make It Real/rails2/proyectoexpensify/app/views/categories/index.html.erb:31: syntax error, unexpected keyword_ensure, expecting ')'
          ensure
          ^~~~~~
/home/sebastian/Desktop/Make It Real/rails2/proyectoexpensify/app/views/categories/index.html.erb:33: syntax error, unexpected keyword_end, expecting ')'
          end
          ^~~):
  
app/views/categories/index.html.erb:21: syntax error, unexpected keyword_class, expecting ')'
app/views/categories/index.html.erb:21: syntax error, unexpected ')', expecting &. or :: or '[' or '.'
app/views/categories/index.html.erb:25: syntax error, unexpected keyword_end, expecting ')'
app/views/categories/index.html.erb:31: syntax error, unexpected keyword_ensure, expecting ')'
app/views/categories/index.html.erb:33: syntax error, unexpected keyword_end, expecting ')'
  Rendering /var/lib/gems/2.5.0/gems/actionpack-5.0.6/lib/action_dispatch/middleware/templates/rescues/diagnostics.html.erb within rescues/layout
  Rendering /var/lib/gems/2.5.0/gems/actionpack-5.0.6/lib/action_dispatch/middleware/templates/rescues/_source.html.erb
  Rendered /var/lib/gems/2.5.0/gems/actionpack-5.0.6/lib/action_dispatch/middleware/templates/rescues/_source.html.erb (10.5ms)
  Rendering /var/lib/gems/2.5.0/gems/actionpack-5.0.6/lib/action_dispatch/middleware/templates/rescues/_trace.html.erb
  Rendered /var/lib/gems/2.5.0/gems/actionpack-5.0.6/lib/action_dispatch/middleware/templates/rescues/_trace.html.erb (6.4ms)
  Rendering /var/lib/gems/2.5.0/gems/actionpack-5.0.6/lib/action_dispatch/middleware/templates/rescues/_request_and_response.html.erb
  Rendered /var/lib/gems/2.5.0/gems/actionpack-5.0.6/lib/action_dispatch/middleware/templates/rescues/_request_and_response.html.erb (1.7ms)
  Rendered /var/lib/gems/2.5.0/gems/actionpack-5.0.6/lib/action_dispatch/middleware/templates/rescues/diagnostics.html.erb within rescues/layout (47.0ms)
Started GET "/categories" for 127.0.0.1 at 2019-08-03 16:24:34 -0500
Processing by CategoriesController#index as HTML
  Rendering categories/index.html.erb within layouts/application
  Rendered categories/index.html.erb within layouts/application (2.1ms)
Completed 500 Internal Server Error in 8ms (ActiveRecord: 0.0ms)


  
SyntaxError (/home/sebastian/Desktop/Make It Real/rails2/proyectoexpensify/app/views/categories/index.html.erb:21: syntax error, unexpected keyword_class, expecting ')'
...ea Eliminar la Category"} class:"glyphicon glyphicon-trash" ...
...                          ^~~~~
/home/sebastian/Desktop/Make It Real/rails2/proyectoexpensify/app/views/categories/index.html.erb:21: syntax error, unexpected ')', expecting &. or :: or '[' or '.'
...s:"glyphicon glyphicon-trash" );@output_buffer.safe_append='
...                              ^
/home/sebastian/Desktop/Make It Real/rails2/proyectoexpensify/app/views/categories/index.html.erb:25: syntax error, unexpected keyword_end, expecting ')'
'.freeze;                   end 
                            ^~~
/home/sebastian/Desktop/Make It Real/rails2/proyectoexpensify/app/views/categories/index.html.erb:31: syntax error, unexpected keyword_ensure, expecting ')'
          ensure
          ^~~~~~
/home/sebastian/Desktop/Make It Real/rails2/proyectoexpensify/app/views/categories/index.html.erb:33: syntax error, unexpected keyword_end, expecting ')'
          end
          ^~~):
  
app/views/categories/index.html.erb:21: syntax error, unexpected keyword_class, expecting ')'
app/views/categories/index.html.erb:21: syntax error, unexpected ')', expecting &. or :: or '[' or '.'
app/views/categories/index.html.erb:25: syntax error, unexpected keyword_end, expecting ')'
app/views/categories/index.html.erb:31: syntax error, unexpected keyword_ensure, expecting ')'
app/views/categories/index.html.erb:33: syntax error, unexpected keyword_end, expecting ')'
  Rendering /var/lib/gems/2.5.0/gems/actionpack-5.0.6/lib/action_dispatch/middleware/templates/rescues/diagnostics.html.erb within rescues/layout
  Rendering /var/lib/gems/2.5.0/gems/actionpack-5.0.6/lib/action_dispatch/middleware/templates/rescues/_source.html.erb
  Rendered /var/lib/gems/2.5.0/gems/actionpack-5.0.6/lib/action_dispatch/middleware/templates/rescues/_source.html.erb (11.1ms)
  Rendering /var/lib/gems/2.5.0/gems/actionpack-5.0.6/lib/action_dispatch/middleware/templates/rescues/_trace.html.erb
  Rendered /var/lib/gems/2.5.0/gems/actionpack-5.0.6/lib/action_dispatch/middleware/templates/rescues/_trace.html.erb (5.0ms)
  Rendering /var/lib/gems/2.5.0/gems/actionpack-5.0.6/lib/action_dispatch/middleware/templates/rescues/_request_and_response.html.erb
  Rendered /var/lib/gems/2.5.0/gems/actionpack-5.0.6/lib/action_dispatch/middleware/templates/rescues/_request_and_response.html.erb (1.9ms)
  Rendered /var/lib/gems/2.5.0/gems/actionpack-5.0.6/lib/action_dispatch/middleware/templates/rescues/diagnostics.html.erb within rescues/layout (47.9ms)
Started GET "/categories" for 127.0.0.1 at 2019-08-03 16:25:41 -0500
Processing by CategoriesController#index as HTML
  Rendering categories/index.html.erb within layouts/application
  [1m[36mCategory Load (0.3ms)[0m  [1m[34mSELECT "categories".* FROM "categories"[0m
  Rendered categories/index.html.erb within layouts/application (6.1ms)
Completed 200 OK in 117ms (Views: 114.8ms | ActiveRecord: 0.3ms)


Started GET "/categories" for 127.0.0.1 at 2019-08-03 16:26:57 -0500
Processing by CategoriesController#index as HTML
  Rendering categories/index.html.erb within layouts/application
  [1m[36mCategory Load (1.0ms)[0m  [1m[34mSELECT "categories".* FROM "categories"[0m
  Rendered categories/index.html.erb within layouts/application (11.6ms)
Completed 200 OK in 110ms (Views: 103.2ms | ActiveRecord: 1.9ms)


Started DELETE "/categories/1" for 127.0.0.1 at 2019-08-03 16:27:01 -0500
Processing by CategoriesController#destroy as HTML
  Parameters: {"authenticity_token"=>"4EnZltFibEHVZm13OoLC6f3kVPNP1dFIT+rFsvCWTYyZEvOwLpkbqFDqjdvTXSQNBzJ14+eIbl1t0n165DbB5w==", "id"=>"1"}
  [1m[36mCategory Load (0.4ms)[0m  [1m[34mSELECT  "categories".* FROM "categories" WHERE "categories"."id" = ? LIMIT ?[0m  [["id", 1], ["LIMIT", 1]]
Completed 500 Internal Server Error in 414ms (ActiveRecord: 0.4ms)


  
NameError (undefined local variable or method `category' for #<CategoriesController:0x00007fdf7a8b4ed8>
Did you mean?  @category):
  
app/controllers/categories_controller.rb:36:in `destroy'
  Rendering /var/lib/gems/2.5.0/gems/actionpack-5.0.6/lib/action_dispatch/middleware/templates/rescues/diagnostics.html.erb within rescues/layout
  Rendering /var/lib/gems/2.5.0/gems/actionpack-5.0.6/lib/action_dispatch/middleware/templates/rescues/_source.html.erb
  Rendered /var/lib/gems/2.5.0/gems/actionpack-5.0.6/lib/action_dispatch/middleware/templates/rescues/_source.html.erb (9.1ms)
  Rendering /var/lib/gems/2.5.0/gems/actionpack-5.0.6/lib/action_dispatch/middleware/templates/rescues/_trace.html.erb
  Rendered /var/lib/gems/2.5.0/gems/actionpack-5.0.6/lib/action_dispatch/middleware/templates/rescues/_trace.html.erb (4.8ms)
  Rendering /var/lib/gems/2.5.0/gems/actionpack-5.0.6/lib/action_dispatch/middleware/templates/rescues/_request_and_response.html.erb
  Rendered /var/lib/gems/2.5.0/gems/actionpack-5.0.6/lib/action_dispatch/middleware/templates/rescues/_request_and_response.html.erb (3.4ms)
  Rendered /var/lib/gems/2.5.0/gems/actionpack-5.0.6/lib/action_dispatch/middleware/templates/rescues/diagnostics.html.erb within rescues/layout (161.6ms)
Started DELETE "/categories/1" for 127.0.0.1 at 2019-08-03 16:27:16 -0500
Processing by CategoriesController#destroy as HTML
  Parameters: {"authenticity_token"=>"4EnZltFibEHVZm13OoLC6f3kVPNP1dFIT+rFsvCWTYyZEvOwLpkbqFDqjdvTXSQNBzJ14+eIbl1t0n165DbB5w==", "id"=>"1"}
  [1m[36mCategory Load (0.3ms)[0m  [1m[34mSELECT  "categories".* FROM "categories" WHERE "categories"."id" = ? LIMIT ?[0m  [["id", 1], ["LIMIT", 1]]
  [1m[35m (0.1ms)[0m  [1m[36mbegin transaction[0m
  [1m[35mSQL (0.4ms)[0m  [1m[31mDELETE FROM "categories" WHERE "categories"."id" = ?[0m  [["id", 1]]
  [1m[35m (123.7ms)[0m  [1m[36mcommit transaction[0m
Redirected to http://localhost:3000/categories
Completed 302 Found in 154ms (ActiveRecord: 126.5ms)


Started GET "/categories" for 127.0.0.1 at 2019-08-03 16:27:16 -0500
Processing by CategoriesController#index as HTML
  Rendering categories/index.html.erb within layouts/application
  [1m[36mCategory Load (0.7ms)[0m  [1m[34mSELECT "categories".* FROM "categories"[0m
  Rendered categories/index.html.erb within layouts/application (9.5ms)
Completed 200 OK in 107ms (Views: 104.1ms | ActiveRecord: 0.7ms)


Started DELETE "/categories/2" for 127.0.0.1 at 2019-08-03 16:27:20 -0500
Processing by CategoriesController#destroy as HTML
  Parameters: {"authenticity_token"=>"6kNANK03FjdxH74e+6lb29lsR/SfY/tAlZH9oPs04m6TGGoSUsxh3vSTXrISdr0/I7pm5Dc+RFW3qUVo75RuBQ==", "id"=>"2"}
  [1m[36mCategory Load (0.2ms)[0m  [1m[34mSELECT  "categories".* FROM "categories" WHERE "categories"."id" = ? LIMIT ?[0m  [["id", 2], ["LIMIT", 1]]
  [1m[35m (0.2ms)[0m  [1m[36mbegin transaction[0m
  [1m[35mSQL (0.4ms)[0m  [1m[31mDELETE FROM "categories" WHERE "categories"."id" = ?[0m  [["id", 2]]
  [1m[35m (111.1ms)[0m  [1m[36mcommit transaction[0m
Redirected to http://localhost:3000/categories
Completed 302 Found in 122ms (ActiveRecord: 111.9ms)


Started GET "/categories" for 127.0.0.1 at 2019-08-03 16:27:20 -0500
Processing by CategoriesController#index as HTML
  Rendering categories/index.html.erb within layouts/application
  [1m[36mCategory Load (0.2ms)[0m  [1m[34mSELECT "categories".* FROM "categories"[0m
  Rendered categories/index.html.erb within layouts/application (3.2ms)
Completed 200 OK in 122ms (Views: 117.4ms | ActiveRecord: 0.2ms)


Started GET "/categories" for 127.0.0.1 at 2019-08-03 16:41:32 -0500
Processing by CategoriesController#index as HTML
  Rendering categories/index.html.erb within layouts/application
  [1m[36mCategory Load (0.3ms)[0m  [1m[34mSELECT "categories".* FROM "categories"[0m
  Rendered categories/index.html.erb within layouts/application (4.4ms)
Completed 200 OK in 129ms (Views: 125.9ms | ActiveRecord: 0.3ms)


Started GET "/categories" for 127.0.0.1 at 2019-08-03 16:41:45 -0500
Processing by CategoriesController#index as HTML
  Rendering categories/index.html.erb within layouts/application
  [1m[36mCategory Load (0.3ms)[0m  [1m[34mSELECT "categories".* FROM "categories"[0m
  Rendered categories/index.html.erb within layouts/application (4.5ms)
Completed 200 OK in 108ms (Views: 105.1ms | ActiveRecord: 0.3ms)


Started GET "/categories" for 127.0.0.1 at 2019-08-03 16:41:45 -0500
Processing by CategoriesController#index as HTML
  Rendering categories/index.html.erb within layouts/application
  [1m[36mCategory Load (0.3ms)[0m  [1m[34mSELECT "categories".* FROM "categories"[0m
  Rendered categories/index.html.erb within layouts/application (5.0ms)
Completed 200 OK in 109ms (Views: 106.6ms | ActiveRecord: 0.3ms)


